56.5318 	EXP 	Created window1 = Window(allowGUI=True, allowStencil=False, autoLog=True, backendConf=UNKNOWN, backgroundFit=<method-wrapper '__getattribute__' of attributeSetter object at 0x7a8651cadbd0>, backgroundImage=<method-wrapper '__getattribute__' of attributeSetter object at 0x7a8651cadc30>, bitsMode=UNKNOWN, blendMode='avg', bpc=(8, 8, 8), color=array([-1, -1, -1]), colorSpace='rgb', depthBits=8, fullscr=<method-wrapper '__getattribute__' of attributeSetter object at 0x7a8651cadf30>, gamma=None, gammaErrorPolicy='raise', lms=UNKNOWN, monitor=<psychopy.monitors.calibTools.Monitor object at 0x7a8647f8a590>, multiSample=False, name='window1', numSamples=2, pos=[0.0, 0.0], screen=0, size=array([1920, 1080]), stencilBits=0, stereo=False, title='PsychoPy', units='height', useFBO=True, useRetina=False, viewOri=0.0, viewPos=None, viewScale=None, waitBlanking=True, winType='pyglet')
56.5319 	EXP 	window1: mouseVisible = True
56.5320 	EXP 	window1: backgroundImage = ''
56.5320 	EXP 	window1: backgroundFit = 'none'
56.5375 	EXP 	window1: Attempting to measure frame rate of screen (0) ...
56.5375 	EXP 	window1: recordFrameIntervals = False
56.6972 	EXP 	window1: recordFrameIntervals = True
56.8808 	EXP 	Screen (0) actual frame rate measured at 60.25Hz
56.8809 	EXP 	window1: recordFrameIntervals = False
56.8836 	EXP 	window1: mouseVisible = False
60.9203 	EXP 	run_experiment: status = STARTED
60.9209 	EXP 	window1: mouseVisible = True
60.9767 	EXP 	Created Stimuli = TextStim(__class__=<class 'psychopy.visual.text.TextStim'>, alignHoriz=method-wrapper(...), alignText='center', alignVert=method-wrapper(...), anchorHoriz='center', anchorVert='center', antialias=True, autoDraw=False, autoLog=True, bold=False, color=array([1., 1., 1.]), colorSpace='rgb', contrast=1.0, depth=0.0, draggable=False, flipHoriz=False, flipVert=False, font='Open Sans', fontFiles=[], height=1.0, italic=False, languageStyle='LTR', name='Stimuli', opacity=1.0, ori=0.0, pos=array([0., 0.]), rgb=UNKNOWN, text='', units='height', win=Window(...), wrapWidth=1)
0.0378 	EXP 	Imported experiment.csv as conditions, 168 conditions, 8 params
0.0405 	EXP 	Created sequence: sequential, trialTypes=168, nReps=1, seed=None
0.0412 	EXP 	New trial (rep=0, index=0): OrderedDict([('stimuli', [0]), ('trial_type', 'cue'), ('stimulus_onset', 0.0), ('block_type', '0-back'), ('stimulus_size', 0.15), ('stimulus_color', 'red'), ('stimulus_duration', 2.0), ('cor_res', None)])
0.3594 	EXP 	Stimuli: foreColor = <psychopy.colors.Color: red, alpha=1.0>
0.3594 	EXP 	Stimuli: height = 1.0
0.3594 	EXP 	Stimuli: height = 1.0
0.3594 	EXP 	Stimuli: height = 1.0
0.3594 	EXP 	Stimuli: text = [0]
0.3594 	EXP 	Stimuli: height = 0.15
0.3594 	EXP 	Stimuli: autoDraw = True
0.3594 	EXP 	Stimuli: height = 0.15
0.3594 	EXP 	Stimuli: height = 0.15
0.3594 	EXP 	Stimuli: height = 0.15
0.3594 	EXP 	Stimuli: text = '[0]'
2.3496 	EXP 	New trial (rep=0, index=1): OrderedDict([('stimuli', 'X'), ('trial_type', 'target'), ('stimulus_onset', 2.0), ('block_type', '0-back'), ('stimulus_size', 0.15), ('stimulus_color', 'white'), ('stimulus_duration', 2.8), ('cor_res', 'left')])
2.3685 	EXP 	Stimuli: autoDraw = False
2.3685 	EXP 	Stimuli: autoDraw = False
2.3685 	EXP 	Stimuli: foreColor = <psychopy.colors.Color: white, alpha=1.0>
2.3685 	EXP 	Stimuli: height = 0.15
2.3685 	EXP 	Stimuli: height = 0.15
2.3685 	EXP 	Stimuli: height = 0.15
2.3685 	EXP 	Stimuli: text = 'X'
2.3685 	EXP 	Stimuli: height = 0.15
2.3685 	EXP 	Stimuli: autoDraw = True
2.3685 	EXP 	Stimuli: height = 0.15
2.3685 	EXP 	Stimuli: height = 0.15
2.3685 	EXP 	Stimuli: height = 0.15
2.3685 	EXP 	Stimuli: text = 'X'
5.1635 	EXP 	New trial (rep=0, index=2): OrderedDict([('stimuli', '+'), ('trial_type', 'fixation'), ('stimulus_onset', 4.8), ('block_type', '0-back'), ('stimulus_size', 0.05), ('stimulus_color', 'white'), ('stimulus_duration', 0.2), ('cor_res', None)])
5.2394 	EXP 	Stimuli: autoDraw = False
5.2394 	EXP 	Stimuli: autoDraw = False
5.2394 	EXP 	Stimuli: foreColor = <psychopy.colors.Color: white, alpha=1.0>
5.2394 	EXP 	Stimuli: height = 0.15
5.2394 	EXP 	Stimuli: height = 0.15
5.2394 	EXP 	Stimuli: height = 0.15
5.2394 	EXP 	Stimuli: text = '+'
5.2394 	EXP 	Stimuli: height = 0.05
5.2394 	EXP 	Stimuli: autoDraw = True
5.2394 	EXP 	Stimuli: height = 0.05
5.2394 	EXP 	Stimuli: height = 0.05
5.2394 	EXP 	Stimuli: height = 0.05
5.2394 	EXP 	Stimuli: text = '+'
5.4303 	EXP 	New trial (rep=0, index=3): OrderedDict([('stimuli', 'Q'), ('trial_type', 'non-target'), ('stimulus_onset', 5.0), ('block_type', '0-back'), ('stimulus_size', 0.15), ('stimulus_color', 'white'), ('stimulus_duration', 2.8), ('cor_res', 'right')])
5.4513 	EXP 	Stimuli: autoDraw = False
5.4513 	EXP 	Stimuli: autoDraw = False
5.4513 	EXP 	Stimuli: foreColor = <psychopy.colors.Color: white, alpha=1.0>
5.4513 	EXP 	Stimuli: height = 0.05
5.4513 	EXP 	Stimuli: height = 0.05
5.4513 	EXP 	Stimuli: height = 0.05
5.4513 	EXP 	Stimuli: text = 'Q'
5.4513 	EXP 	Stimuli: height = 0.15
5.4513 	EXP 	Stimuli: autoDraw = True
5.4513 	EXP 	Stimuli: height = 0.15
5.4513 	EXP 	Stimuli: height = 0.15
5.4513 	EXP 	Stimuli: height = 0.15
5.4513 	EXP 	Stimuli: text = 'Q'
8.2451 	EXP 	New trial (rep=0, index=4): OrderedDict([('stimuli', '+'), ('trial_type', 'fixation'), ('stimulus_onset', 7.8), ('block_type', '0-back'), ('stimulus_size', 0.05), ('stimulus_color', 'white'), ('stimulus_duration', 0.2), ('cor_res', None)])
8.2667 	EXP 	Stimuli: autoDraw = False
8.2667 	EXP 	Stimuli: autoDraw = False
8.2667 	EXP 	Stimuli: foreColor = <psychopy.colors.Color: white, alpha=1.0>
8.2667 	EXP 	Stimuli: height = 0.15
8.2667 	EXP 	Stimuli: height = 0.15
8.2667 	EXP 	Stimuli: height = 0.15
8.2667 	EXP 	Stimuli: text = '+'
8.2667 	EXP 	Stimuli: height = 0.05
8.2667 	EXP 	Stimuli: autoDraw = True
8.2667 	EXP 	Stimuli: height = 0.05
8.2667 	EXP 	Stimuli: height = 0.05
8.2667 	EXP 	Stimuli: height = 0.05
8.2667 	EXP 	Stimuli: text = '+'
8.4614 	EXP 	New trial (rep=0, index=5): OrderedDict([('stimuli', 'R'), ('trial_type', 'non-target'), ('stimulus_onset', 8.0), ('block_type', '0-back'), ('stimulus_size', 0.15), ('stimulus_color', 'white'), ('stimulus_duration', 2.8), ('cor_res', 'right')])
8.4834 	EXP 	Stimuli: autoDraw = False
8.4834 	EXP 	Stimuli: autoDraw = False
8.4834 	EXP 	Stimuli: foreColor = <psychopy.colors.Color: white, alpha=1.0>
8.4834 	EXP 	Stimuli: height = 0.05
8.4834 	EXP 	Stimuli: height = 0.05
8.4834 	EXP 	Stimuli: height = 0.05
8.4834 	EXP 	Stimuli: text = 'R'
8.4834 	EXP 	Stimuli: height = 0.15
8.4834 	EXP 	Stimuli: autoDraw = True
8.4834 	EXP 	Stimuli: height = 0.15
8.4834 	EXP 	Stimuli: height = 0.15
8.4834 	EXP 	Stimuli: height = 0.15
8.4834 	EXP 	Stimuli: text = 'R'
11.2756 	EXP 	New trial (rep=0, index=6): OrderedDict([('stimuli', '+'), ('trial_type', 'fixation'), ('stimulus_onset', 10.8), ('block_type', '0-back'), ('stimulus_size', 0.05), ('stimulus_color', 'white'), ('stimulus_duration', 0.2), ('cor_res', None)])
11.2989 	EXP 	Stimuli: autoDraw = False
11.2989 	EXP 	Stimuli: autoDraw = False
11.2989 	EXP 	Stimuli: foreColor = <psychopy.colors.Color: white, alpha=1.0>
11.2989 	EXP 	Stimuli: height = 0.15
11.2989 	EXP 	Stimuli: height = 0.15
11.2989 	EXP 	Stimuli: height = 0.15
11.2989 	EXP 	Stimuli: text = '+'
11.2989 	EXP 	Stimuli: height = 0.05
11.2989 	EXP 	Stimuli: autoDraw = True
11.2989 	EXP 	Stimuli: height = 0.05
11.2989 	EXP 	Stimuli: height = 0.05
11.2989 	EXP 	Stimuli: height = 0.05
11.2989 	EXP 	Stimuli: text = '+'
11.4924 	EXP 	New trial (rep=0, index=7): OrderedDict([('stimuli', 'K'), ('trial_type', 'non-target'), ('stimulus_onset', 11.0), ('block_type', '0-back'), ('stimulus_size', 0.15), ('stimulus_color', 'white'), ('stimulus_duration', 2.8), ('cor_res', 'right')])
11.5139 	EXP 	Stimuli: autoDraw = False
11.5139 	EXP 	Stimuli: autoDraw = False
11.5139 	EXP 	Stimuli: foreColor = <psychopy.colors.Color: white, alpha=1.0>
11.5139 	EXP 	Stimuli: height = 0.05
11.5139 	EXP 	Stimuli: height = 0.05
11.5139 	EXP 	Stimuli: height = 0.05
11.5139 	EXP 	Stimuli: text = 'K'
11.5139 	EXP 	Stimuli: height = 0.15
11.5139 	EXP 	Stimuli: autoDraw = True
11.5139 	EXP 	Stimuli: height = 0.15
11.5139 	EXP 	Stimuli: height = 0.15
11.5139 	EXP 	Stimuli: height = 0.15
11.5139 	EXP 	Stimuli: text = 'K'
14.3061 	EXP 	New trial (rep=0, index=8): OrderedDict([('stimuli', '+'), ('trial_type', 'fixation'), ('stimulus_onset', 13.8), ('block_type', '0-back'), ('stimulus_size', 0.05), ('stimulus_color', 'white'), ('stimulus_duration', 0.2), ('cor_res', None)])
14.3266 	EXP 	Stimuli: autoDraw = False
14.3266 	EXP 	Stimuli: autoDraw = False
14.3266 	EXP 	Stimuli: foreColor = <psychopy.colors.Color: white, alpha=1.0>
14.3266 	EXP 	Stimuli: height = 0.15
14.3266 	EXP 	Stimuli: height = 0.15
14.3266 	EXP 	Stimuli: height = 0.15
14.3266 	EXP 	Stimuli: text = '+'
14.3266 	EXP 	Stimuli: height = 0.05
14.3266 	EXP 	Stimuli: autoDraw = True
14.3266 	EXP 	Stimuli: height = 0.05
14.3266 	EXP 	Stimuli: height = 0.05
14.3266 	EXP 	Stimuli: height = 0.05
14.3266 	EXP 	Stimuli: text = '+'
14.5226 	EXP 	New trial (rep=0, index=9): OrderedDict([('stimuli', 'X'), ('trial_type', 'target'), ('stimulus_onset', 14.0), ('block_type', '0-back'), ('stimulus_size', 0.15), ('stimulus_color', 'white'), ('stimulus_duration', 2.8), ('cor_res', 'left')])
14.5420 	EXP 	Stimuli: autoDraw = False
14.5420 	EXP 	Stimuli: autoDraw = False
14.5420 	EXP 	Stimuli: foreColor = <psychopy.colors.Color: white, alpha=1.0>
14.5420 	EXP 	Stimuli: height = 0.05
14.5420 	EXP 	Stimuli: height = 0.05
14.5420 	EXP 	Stimuli: height = 0.05
14.5420 	EXP 	Stimuli: text = 'X'
14.5420 	EXP 	Stimuli: height = 0.15
14.5420 	EXP 	Stimuli: autoDraw = True
14.5420 	EXP 	Stimuli: height = 0.15
14.5420 	EXP 	Stimuli: height = 0.15
14.5420 	EXP 	Stimuli: height = 0.15
14.5420 	EXP 	Stimuli: text = 'X'
17.3366 	EXP 	New trial (rep=0, index=10): OrderedDict([('stimuli', '+'), ('trial_type', 'fixation'), ('stimulus_onset', 16.8), ('block_type', '0-back'), ('stimulus_size', 0.05), ('stimulus_color', 'white'), ('stimulus_duration', 0.2), ('cor_res', None)])
17.3574 	EXP 	Stimuli: autoDraw = False
17.3574 	EXP 	Stimuli: autoDraw = False
17.3574 	EXP 	Stimuli: foreColor = <psychopy.colors.Color: white, alpha=1.0>
17.3574 	EXP 	Stimuli: height = 0.15
17.3574 	EXP 	Stimuli: height = 0.15
17.3574 	EXP 	Stimuli: height = 0.15
17.3574 	EXP 	Stimuli: text = '+'
17.3574 	EXP 	Stimuli: height = 0.05
17.3574 	EXP 	Stimuli: autoDraw = True
17.3574 	EXP 	Stimuli: height = 0.05
17.3574 	EXP 	Stimuli: height = 0.05
17.3574 	EXP 	Stimuli: height = 0.05
17.3574 	EXP 	Stimuli: text = '+'
17.5535 	EXP 	New trial (rep=0, index=11): OrderedDict([('stimuli', 'P'), ('trial_type', 'non-target'), ('stimulus_onset', 17.0), ('block_type', '0-back'), ('stimulus_size', 0.15), ('stimulus_color', 'white'), ('stimulus_duration', 2.8), ('cor_res', 'right')])
17.5741 	EXP 	Stimuli: autoDraw = False
17.5741 	EXP 	Stimuli: autoDraw = False
17.5741 	EXP 	Stimuli: foreColor = <psychopy.colors.Color: white, alpha=1.0>
17.5741 	EXP 	Stimuli: height = 0.05
17.5741 	EXP 	Stimuli: height = 0.05
17.5741 	EXP 	Stimuli: height = 0.05
17.5741 	EXP 	Stimuli: text = 'P'
17.5741 	EXP 	Stimuli: height = 0.15
17.5741 	EXP 	Stimuli: autoDraw = True
17.5741 	EXP 	Stimuli: height = 0.15
17.5741 	EXP 	Stimuli: height = 0.15
17.5741 	EXP 	Stimuli: height = 0.15
17.5741 	EXP 	Stimuli: text = 'P'
20.3681 	EXP 	New trial (rep=0, index=12): OrderedDict([('stimuli', '+'), ('trial_type', 'fixation'), ('stimulus_onset', 19.8), ('block_type', '0-back'), ('stimulus_size', 0.05), ('stimulus_color', 'white'), ('stimulus_duration', 0.2), ('cor_res', None)])
20.3911 	EXP 	Stimuli: autoDraw = False
20.3911 	EXP 	Stimuli: autoDraw = False
20.3911 	EXP 	Stimuli: foreColor = <psychopy.colors.Color: white, alpha=1.0>
20.3911 	EXP 	Stimuli: height = 0.15
20.3911 	EXP 	Stimuli: height = 0.15
20.3911 	EXP 	Stimuli: height = 0.15
20.3911 	EXP 	Stimuli: text = '+'
20.3911 	EXP 	Stimuli: height = 0.05
20.3911 	EXP 	Stimuli: autoDraw = True
20.3911 	EXP 	Stimuli: height = 0.05
20.3911 	EXP 	Stimuli: height = 0.05
20.3911 	EXP 	Stimuli: height = 0.05
20.3911 	EXP 	Stimuli: text = '+'
20.5842 	EXP 	New trial (rep=0, index=13): OrderedDict([('stimuli', 'X'), ('trial_type', 'target'), ('stimulus_onset', 20.0), ('block_type', '0-back'), ('stimulus_size', 0.15), ('stimulus_color', 'white'), ('stimulus_duration', 2.8), ('cor_res', 'left')])
20.6054 	EXP 	Stimuli: autoDraw = False
20.6054 	EXP 	Stimuli: autoDraw = False
20.6054 	EXP 	Stimuli: foreColor = <psychopy.colors.Color: white, alpha=1.0>
20.6054 	EXP 	Stimuli: height = 0.05
20.6054 	EXP 	Stimuli: height = 0.05
20.6054 	EXP 	Stimuli: height = 0.05
20.6054 	EXP 	Stimuli: text = 'X'
20.6054 	EXP 	Stimuli: height = 0.15
20.6054 	EXP 	Stimuli: autoDraw = True
20.6054 	EXP 	Stimuli: height = 0.15
20.6054 	EXP 	Stimuli: height = 0.15
20.6054 	EXP 	Stimuli: height = 0.15
20.6054 	EXP 	Stimuli: text = 'X'
23.3984 	EXP 	New trial (rep=0, index=14): OrderedDict([('stimuli', '+'), ('trial_type', 'fixation'), ('stimulus_onset', 22.8), ('block_type', '0-back'), ('stimulus_size', 0.05), ('stimulus_color', 'white'), ('stimulus_duration', 0.2), ('cor_res', None)])
23.4185 	EXP 	Stimuli: autoDraw = False
23.4185 	EXP 	Stimuli: autoDraw = False
23.4185 	EXP 	Stimuli: foreColor = <psychopy.colors.Color: white, alpha=1.0>
23.4185 	EXP 	Stimuli: height = 0.15
23.4185 	EXP 	Stimuli: height = 0.15
23.4185 	EXP 	Stimuli: height = 0.15
23.4185 	EXP 	Stimuli: text = '+'
23.4185 	EXP 	Stimuli: height = 0.05
23.4185 	EXP 	Stimuli: autoDraw = True
23.4185 	EXP 	Stimuli: height = 0.05
23.4185 	EXP 	Stimuli: height = 0.05
23.4185 	EXP 	Stimuli: height = 0.05
23.4185 	EXP 	Stimuli: text = '+'
23.6149 	EXP 	New trial (rep=0, index=15): OrderedDict([('stimuli', 'X'), ('trial_type', 'target'), ('stimulus_onset', 23.0), ('block_type', '0-back'), ('stimulus_size', 0.15), ('stimulus_color', 'white'), ('stimulus_duration', 2.8), ('cor_res', 'left')])
23.6351 	EXP 	Stimuli: autoDraw = False
23.6351 	EXP 	Stimuli: autoDraw = False
23.6351 	EXP 	Stimuli: foreColor = <psychopy.colors.Color: white, alpha=1.0>
23.6351 	EXP 	Stimuli: height = 0.05
23.6351 	EXP 	Stimuli: height = 0.05
23.6351 	EXP 	Stimuli: height = 0.05
23.6351 	EXP 	Stimuli: text = 'X'
23.6351 	EXP 	Stimuli: height = 0.15
23.6351 	EXP 	Stimuli: autoDraw = True
23.6351 	EXP 	Stimuli: height = 0.15
23.6351 	EXP 	Stimuli: height = 0.15
23.6351 	EXP 	Stimuli: height = 0.15
23.6351 	EXP 	Stimuli: text = 'X'
26.4297 	EXP 	New trial (rep=0, index=16): OrderedDict([('stimuli', '+'), ('trial_type', 'fixation'), ('stimulus_onset', 25.8), ('block_type', '0-back'), ('stimulus_size', 0.05), ('stimulus_color', 'white'), ('stimulus_duration', 0.2), ('cor_res', None)])
26.4528 	EXP 	Stimuli: autoDraw = False
26.4528 	EXP 	Stimuli: autoDraw = False
26.4528 	EXP 	Stimuli: foreColor = <psychopy.colors.Color: white, alpha=1.0>
26.4528 	EXP 	Stimuli: height = 0.15
26.4528 	EXP 	Stimuli: height = 0.15
26.4528 	EXP 	Stimuli: height = 0.15
26.4528 	EXP 	Stimuli: text = '+'
26.4528 	EXP 	Stimuli: height = 0.05
26.4528 	EXP 	Stimuli: autoDraw = True
26.4528 	EXP 	Stimuli: height = 0.05
26.4528 	EXP 	Stimuli: height = 0.05
26.4528 	EXP 	Stimuli: height = 0.05
26.4528 	EXP 	Stimuli: text = '+'
26.6463 	EXP 	New trial (rep=0, index=17): OrderedDict([('stimuli', 'H'), ('trial_type', 'non-target'), ('stimulus_onset', 26.0), ('block_type', '0-back'), ('stimulus_size', 0.15), ('stimulus_color', 'white'), ('stimulus_duration', 2.8), ('cor_res', 'right')])
26.6675 	EXP 	Stimuli: autoDraw = False
26.6675 	EXP 	Stimuli: autoDraw = False
26.6675 	EXP 	Stimuli: foreColor = <psychopy.colors.Color: white, alpha=1.0>
26.6675 	EXP 	Stimuli: height = 0.05
26.6675 	EXP 	Stimuli: height = 0.05
26.6675 	EXP 	Stimuli: height = 0.05
26.6675 	EXP 	Stimuli: text = 'H'
26.6675 	EXP 	Stimuli: height = 0.15
26.6675 	EXP 	Stimuli: autoDraw = True
26.6675 	EXP 	Stimuli: height = 0.15
26.6675 	EXP 	Stimuli: height = 0.15
26.6675 	EXP 	Stimuli: height = 0.15
26.6675 	EXP 	Stimuli: text = 'H'
29.4607 	EXP 	New trial (rep=0, index=18): OrderedDict([('stimuli', '+'), ('trial_type', 'fixation'), ('stimulus_onset', 28.8), ('block_type', '0-back'), ('stimulus_size', 0.05), ('stimulus_color', 'white'), ('stimulus_duration', 0.2), ('cor_res', None)])
29.4837 	EXP 	Stimuli: autoDraw = False
29.4837 	EXP 	Stimuli: autoDraw = False
29.4837 	EXP 	Stimuli: foreColor = <psychopy.colors.Color: white, alpha=1.0>
29.4837 	EXP 	Stimuli: height = 0.15
29.4837 	EXP 	Stimuli: height = 0.15
29.4837 	EXP 	Stimuli: height = 0.15
29.4837 	EXP 	Stimuli: text = '+'
29.4837 	EXP 	Stimuli: height = 0.05
29.4837 	EXP 	Stimuli: autoDraw = True
29.4837 	EXP 	Stimuli: height = 0.05
29.4837 	EXP 	Stimuli: height = 0.05
29.4837 	EXP 	Stimuli: height = 0.05
29.4837 	EXP 	Stimuli: text = '+'
29.6769 	EXP 	New trial (rep=0, index=19): OrderedDict([('stimuli', 'X'), ('trial_type', 'target'), ('stimulus_onset', 29.0), ('block_type', '0-back'), ('stimulus_size', 0.15), ('stimulus_color', 'white'), ('stimulus_duration', 2.8), ('cor_res', 'left')])
29.6983 	EXP 	Stimuli: autoDraw = False
29.6983 	EXP 	Stimuli: autoDraw = False
29.6983 	EXP 	Stimuli: foreColor = <psychopy.colors.Color: white, alpha=1.0>
29.6983 	EXP 	Stimuli: height = 0.05
29.6983 	EXP 	Stimuli: height = 0.05
29.6983 	EXP 	Stimuli: height = 0.05
29.6983 	EXP 	Stimuli: text = 'X'
29.6983 	EXP 	Stimuli: height = 0.15
29.6983 	EXP 	Stimuli: autoDraw = True
29.6983 	EXP 	Stimuli: height = 0.15
29.6983 	EXP 	Stimuli: height = 0.15
29.6983 	EXP 	Stimuli: height = 0.15
29.6983 	EXP 	Stimuli: text = 'X'
32.4916 	EXP 	New trial (rep=0, index=20): OrderedDict([('stimuli', '+'), ('trial_type', 'rest'), ('stimulus_onset', 31.8), ('block_type', 'rest'), ('stimulus_size', 0.05), ('stimulus_color', 'white'), ('stimulus_duration', 10.0), ('cor_res', None)])
32.5156 	EXP 	Stimuli: autoDraw = False
32.5156 	EXP 	Stimuli: autoDraw = False
32.5156 	EXP 	Stimuli: foreColor = <psychopy.colors.Color: white, alpha=1.0>
32.5156 	EXP 	Stimuli: height = 0.15
32.5156 	EXP 	Stimuli: height = 0.15
32.5156 	EXP 	Stimuli: height = 0.15
32.5156 	EXP 	Stimuli: text = '+'
32.5156 	EXP 	Stimuli: height = 0.05
32.5156 	EXP 	Stimuli: autoDraw = True
32.5156 	EXP 	Stimuli: height = 0.05
32.5156 	EXP 	Stimuli: height = 0.05
32.5156 	EXP 	Stimuli: height = 0.05
32.5156 	EXP 	Stimuli: text = '+'
42.4996 	EXP 	New trial (rep=0, index=21): OrderedDict([('stimuli', [1]), ('trial_type', 'cue'), ('stimulus_onset', 41.8), ('block_type', '1-back'), ('stimulus_size', 0.15), ('stimulus_color', 'blue'), ('stimulus_duration', 2.0), ('cor_res', None)])
42.5251 	EXP 	Stimuli: autoDraw = False
42.5251 	EXP 	Stimuli: autoDraw = False
42.5251 	EXP 	Stimuli: foreColor = <psychopy.colors.Color: blue, alpha=1.0>
42.5251 	EXP 	Stimuli: height = 0.05
42.5251 	EXP 	Stimuli: height = 0.05
42.5251 	EXP 	Stimuli: height = 0.05
42.5251 	EXP 	Stimuli: text = [1]
42.5251 	EXP 	Stimuli: height = 0.15
42.5251 	EXP 	Stimuli: autoDraw = True
42.5251 	EXP 	Stimuli: height = 0.15
42.5251 	EXP 	Stimuli: height = 0.15
42.5251 	EXP 	Stimuli: height = 0.15
42.5251 	EXP 	Stimuli: text = '[1]'
44.5180 	EXP 	New trial (rep=0, index=22): OrderedDict([('stimuli', 'E'), ('trial_type', 'non-target'), ('stimulus_onset', 43.8), ('block_type', '1-back'), ('stimulus_size', 0.15), ('stimulus_color', 'white'), ('stimulus_duration', 2.8), ('cor_res', 'right')])
44.5453 	EXP 	Stimuli: autoDraw = False
44.5453 	EXP 	Stimuli: autoDraw = False
44.5453 	EXP 	Stimuli: foreColor = <psychopy.colors.Color: white, alpha=1.0>
44.5453 	EXP 	Stimuli: height = 0.15
44.5453 	EXP 	Stimuli: height = 0.15
44.5453 	EXP 	Stimuli: height = 0.15
44.5453 	EXP 	Stimuli: text = 'E'
44.5453 	EXP 	Stimuli: height = 0.15
44.5453 	EXP 	Stimuli: autoDraw = True
44.5453 	EXP 	Stimuli: height = 0.15
44.5453 	EXP 	Stimuli: height = 0.15
44.5453 	EXP 	Stimuli: height = 0.15
44.5453 	EXP 	Stimuli: text = 'E'
47.3448 	EXP 	New trial (rep=0, index=23): OrderedDict([('stimuli', '+'), ('trial_type', 'fixation'), ('stimulus_onset', 46.6), ('block_type', '1-back'), ('stimulus_size', 0.05), ('stimulus_color', 'white'), ('stimulus_duration', 0.2), ('cor_res', None)])
47.3652 	EXP 	Stimuli: autoDraw = False
47.3652 	EXP 	Stimuli: autoDraw = False
47.3652 	EXP 	Stimuli: foreColor = <psychopy.colors.Color: white, alpha=1.0>
47.3652 	EXP 	Stimuli: height = 0.15
47.3652 	EXP 	Stimuli: height = 0.15
47.3652 	EXP 	Stimuli: height = 0.15
47.3652 	EXP 	Stimuli: text = '+'
47.3652 	EXP 	Stimuli: height = 0.05
47.3652 	EXP 	Stimuli: autoDraw = True
47.3652 	EXP 	Stimuli: height = 0.05
47.3652 	EXP 	Stimuli: height = 0.05
47.3652 	EXP 	Stimuli: height = 0.05
47.3652 	EXP 	Stimuli: text = '+'
47.5616 	EXP 	New trial (rep=0, index=24): OrderedDict([('stimuli', 'E'), ('trial_type', 'target'), ('stimulus_onset', 46.8), ('block_type', '1-back'), ('stimulus_size', 0.15), ('stimulus_color', 'white'), ('stimulus_duration', 2.8), ('cor_res', 'left')])
47.5816 	EXP 	Stimuli: autoDraw = False
47.5816 	EXP 	Stimuli: autoDraw = False
47.5816 	EXP 	Stimuli: foreColor = <psychopy.colors.Color: white, alpha=1.0>
47.5816 	EXP 	Stimuli: height = 0.05
47.5816 	EXP 	Stimuli: height = 0.05
47.5816 	EXP 	Stimuli: height = 0.05
47.5816 	EXP 	Stimuli: text = 'E'
47.5816 	EXP 	Stimuli: height = 0.15
47.5816 	EXP 	Stimuli: autoDraw = True
47.5816 	EXP 	Stimuli: height = 0.15
47.5816 	EXP 	Stimuli: height = 0.15
47.5816 	EXP 	Stimuli: height = 0.15
47.5816 	EXP 	Stimuli: text = 'E'
50.3761 	EXP 	New trial (rep=0, index=25): OrderedDict([('stimuli', '+'), ('trial_type', 'fixation'), ('stimulus_onset', 49.6), ('block_type', '1-back'), ('stimulus_size', 0.05), ('stimulus_color', 'white'), ('stimulus_duration', 0.2), ('cor_res', None)])
50.3989 	EXP 	Stimuli: autoDraw = False
50.3989 	EXP 	Stimuli: autoDraw = False
50.3989 	EXP 	Stimuli: foreColor = <psychopy.colors.Color: white, alpha=1.0>
50.3989 	EXP 	Stimuli: height = 0.15
50.3989 	EXP 	Stimuli: height = 0.15
50.3989 	EXP 	Stimuli: height = 0.15
50.3989 	EXP 	Stimuli: text = '+'
50.3989 	EXP 	Stimuli: height = 0.05
50.3989 	EXP 	Stimuli: autoDraw = True
50.3989 	EXP 	Stimuli: height = 0.05
50.3989 	EXP 	Stimuli: height = 0.05
50.3989 	EXP 	Stimuli: height = 0.05
50.3989 	EXP 	Stimuli: text = '+'
50.5927 	EXP 	New trial (rep=0, index=26): OrderedDict([('stimuli', 'P'), ('trial_type', 'non-target'), ('stimulus_onset', 49.8), ('block_type', '1-back'), ('stimulus_size', 0.15), ('stimulus_color', 'white'), ('stimulus_duration', 2.8), ('cor_res', 'right')])
50.6143 	EXP 	Stimuli: autoDraw = False
50.6143 	EXP 	Stimuli: autoDraw = False
50.6143 	EXP 	Stimuli: foreColor = <psychopy.colors.Color: white, alpha=1.0>
50.6143 	EXP 	Stimuli: height = 0.05
50.6143 	EXP 	Stimuli: height = 0.05
50.6143 	EXP 	Stimuli: height = 0.05
50.6143 	EXP 	Stimuli: text = 'P'
50.6143 	EXP 	Stimuli: height = 0.15
50.6143 	EXP 	Stimuli: autoDraw = True
50.6143 	EXP 	Stimuli: height = 0.15
50.6143 	EXP 	Stimuli: height = 0.15
50.6143 	EXP 	Stimuli: height = 0.15
50.6143 	EXP 	Stimuli: text = 'P'
51.8515 	DATA 	Keypress: escape
51.9242 	EXP 	run_experiment: status = STOPPED
51.9401 	EXP 	Stimuli: autoDraw = False
51.9403 	EXP 	run_experiment: status = STOPPED
51.9861 	EXP 	window1: mouseVisible = True
