10.5592 	EXP 	Created window1 = Window(allowGUI=True, allowStencil=False, autoLog=True, backendConf=UNKNOWN, backgroundFit=<method-wrapper '__getattribute__' of attributeSetter object at 0x7dd975dad780>, backgroundImage=<method-wrapper '__getattribute__' of attributeSetter object at 0x7dd975dad7e0>, bitsMode=UNKNOWN, blendMode='avg', bpc=(8, 8, 8), color=array([-1, -1, -1]), colorSpace='rgb', depthBits=8, fullscr=<method-wrapper '__getattribute__' of attributeSetter object at 0x7dd975dadae0>, gamma=None, gammaErrorPolicy='raise', lms=UNKNOWN, monitor=<psychopy.monitors.calibTools.Monitor object at 0x7dd974101ea0>, multiSample=False, name='window1', numSamples=2, pos=[0.0, 0.0], screen=0, size=array([1920, 1080]), stencilBits=0, stereo=False, title='PsychoPy', units='height', useFBO=True, useRetina=False, viewOri=0.0, viewPos=None, viewScale=None, waitBlanking=True, winType='pyglet')
10.5593 	EXP 	window1: mouseVisible = True
10.5594 	EXP 	window1: backgroundImage = ''
10.5594 	EXP 	window1: backgroundFit = 'none'
10.5647 	EXP 	window1: Attempting to measure frame rate of screen (0) ...
10.5647 	EXP 	window1: recordFrameIntervals = False
10.7247 	EXP 	window1: recordFrameIntervals = True
10.9082 	EXP 	Screen (0) actual frame rate measured at 60.01Hz
10.9083 	EXP 	window1: recordFrameIntervals = False
10.9109 	EXP 	window1: mouseVisible = False
14.9554 	EXP 	run_experiment: status = STARTED
14.9560 	EXP 	window1: mouseVisible = True
15.0153 	EXP 	Created Stimuli = TextStim(__class__=<class 'psychopy.visual.text.TextStim'>, alignHoriz=method-wrapper(...), alignText='center', alignVert=method-wrapper(...), anchorHoriz='center', anchorVert='center', antialias=True, autoDraw=False, autoLog=True, bold=False, color=array([1., 1., 1.]), colorSpace='rgb', contrast=1.0, depth=0.0, draggable=False, flipHoriz=False, flipVert=False, font='Open Sans', fontFiles=[], height=1.0, italic=False, languageStyle='LTR', name='Stimuli', opacity=1.0, ori=0.0, pos=array([0., 0.]), rgb=UNKNOWN, text='', units='height', win=Window(...), wrapWidth=1)
0.0340 	EXP 	Imported experiment.csv as conditions, 168 conditions, 7 params
0.0367 	EXP 	Created sequence: sequential, trialTypes=168, nReps=1, seed=None
0.0374 	EXP 	New trial (rep=0, index=0): OrderedDict([('stimuli', 'png'), ('trial_type', 'cue'), ('stimulus_onset', 0.0), ('block_type', 'cue'), ('stimulus_size', 0.2), ('stimulus_duration', 2.0), ('cor_res', None)])
0.3433 	EXP 	Stimuli: height = 1.0
0.3433 	EXP 	Stimuli: height = 1.0
0.3433 	EXP 	Stimuli: height = 1.0
0.3433 	EXP 	Stimuli: text = 'png'
0.3433 	EXP 	Stimuli: height = 0.2
0.3433 	EXP 	Stimuli: autoDraw = True
0.3433 	EXP 	Stimuli: height = 0.2
0.3433 	EXP 	Stimuli: height = 0.2
0.3433 	EXP 	Stimuli: height = 0.2
0.3433 	EXP 	Stimuli: text = 'png'
2.3390 	EXP 	New trial (rep=0, index=1): OrderedDict([('stimuli', 'U'), ('trial_type', 'non-target'), ('stimulus_onset', 2.0), ('block_type', '0-back'), ('stimulus_size', 0.3), ('stimulus_duration', 2.8), ('cor_res', 'right')])
2.4198 	EXP 	Stimuli: autoDraw = False
2.4198 	EXP 	Stimuli: autoDraw = False
2.4198 	EXP 	Stimuli: height = 0.2
2.4198 	EXP 	Stimuli: height = 0.2
2.4198 	EXP 	Stimuli: height = 0.2
2.4198 	EXP 	Stimuli: text = 'U'
2.4198 	EXP 	Stimuli: height = 0.3
2.4198 	EXP 	Stimuli: autoDraw = True
2.4198 	EXP 	Stimuli: height = 0.3
2.4198 	EXP 	Stimuli: height = 0.3
2.4198 	EXP 	Stimuli: height = 0.3
2.4198 	EXP 	Stimuli: text = 'U'
5.2199 	EXP 	New trial (rep=0, index=2): OrderedDict([('stimuli', '+'), ('trial_type', 'fixation'), ('stimulus_onset', 4.8), ('block_type', '0-back'), ('stimulus_size', 0.1), ('stimulus_duration', 0.2), ('cor_res', None)])
5.2951 	EXP 	Stimuli: autoDraw = False
5.2951 	EXP 	Stimuli: autoDraw = False
5.2951 	EXP 	Stimuli: height = 0.3
5.2951 	EXP 	Stimuli: height = 0.3
5.2951 	EXP 	Stimuli: height = 0.3
5.2951 	EXP 	Stimuli: text = '+'
5.2951 	EXP 	Stimuli: height = 0.1
5.2951 	EXP 	Stimuli: autoDraw = True
5.2951 	EXP 	Stimuli: height = 0.1
5.2951 	EXP 	Stimuli: height = 0.1
5.2951 	EXP 	Stimuli: height = 0.1
5.2951 	EXP 	Stimuli: text = '+'
5.4862 	EXP 	New trial (rep=0, index=3): OrderedDict([('stimuli', 'P'), ('trial_type', 'non-target'), ('stimulus_onset', 5.0), ('block_type', '0-back'), ('stimulus_size', 0.3), ('stimulus_duration', 2.8), ('cor_res', 'right')])
5.5069 	EXP 	Stimuli: autoDraw = False
5.5069 	EXP 	Stimuli: autoDraw = False
5.5069 	EXP 	Stimuli: height = 0.1
5.5069 	EXP 	Stimuli: height = 0.1
5.5069 	EXP 	Stimuli: height = 0.1
5.5069 	EXP 	Stimuli: text = 'P'
5.5069 	EXP 	Stimuli: height = 0.3
5.5069 	EXP 	Stimuli: autoDraw = True
5.5069 	EXP 	Stimuli: height = 0.3
5.5069 	EXP 	Stimuli: height = 0.3
5.5069 	EXP 	Stimuli: height = 0.3
5.5069 	EXP 	Stimuli: text = 'P'
8.3015 	EXP 	New trial (rep=0, index=4): OrderedDict([('stimuli', '+'), ('trial_type', 'fixation'), ('stimulus_onset', 7.8), ('block_type', '0-back'), ('stimulus_size', 0.1), ('stimulus_duration', 0.2), ('cor_res', None)])
8.3242 	EXP 	Stimuli: autoDraw = False
8.3242 	EXP 	Stimuli: autoDraw = False
8.3242 	EXP 	Stimuli: height = 0.3
8.3242 	EXP 	Stimuli: height = 0.3
8.3242 	EXP 	Stimuli: height = 0.3
8.3242 	EXP 	Stimuli: text = '+'
8.3242 	EXP 	Stimuli: height = 0.1
8.3242 	EXP 	Stimuli: autoDraw = True
8.3242 	EXP 	Stimuli: height = 0.1
8.3242 	EXP 	Stimuli: height = 0.1
8.3242 	EXP 	Stimuli: height = 0.1
8.3242 	EXP 	Stimuli: text = '+'
8.5180 	EXP 	New trial (rep=0, index=5): OrderedDict([('stimuli', 'T'), ('trial_type', 'non-target'), ('stimulus_onset', 8.0), ('block_type', '0-back'), ('stimulus_size', 0.3), ('stimulus_duration', 2.8), ('cor_res', 'right')])
8.5416 	EXP 	Stimuli: autoDraw = False
8.5416 	EXP 	Stimuli: autoDraw = False
8.5416 	EXP 	Stimuli: height = 0.1
8.5416 	EXP 	Stimuli: height = 0.1
8.5416 	EXP 	Stimuli: height = 0.1
8.5416 	EXP 	Stimuli: text = 'T'
8.5416 	EXP 	Stimuli: height = 0.3
8.5416 	EXP 	Stimuli: autoDraw = True
8.5416 	EXP 	Stimuli: height = 0.3
8.5416 	EXP 	Stimuli: height = 0.3
8.5416 	EXP 	Stimuli: height = 0.3
8.5416 	EXP 	Stimuli: text = 'T'
11.3321 	EXP 	New trial (rep=0, index=6): OrderedDict([('stimuli', '+'), ('trial_type', 'fixation'), ('stimulus_onset', 10.8), ('block_type', '0-back'), ('stimulus_size', 0.1), ('stimulus_duration', 0.2), ('cor_res', None)])
11.3541 	EXP 	Stimuli: autoDraw = False
11.3541 	EXP 	Stimuli: autoDraw = False
11.3541 	EXP 	Stimuli: height = 0.3
11.3541 	EXP 	Stimuli: height = 0.3
11.3541 	EXP 	Stimuli: height = 0.3
11.3541 	EXP 	Stimuli: text = '+'
11.3541 	EXP 	Stimuli: height = 0.1
11.3541 	EXP 	Stimuli: autoDraw = True
11.3541 	EXP 	Stimuli: height = 0.1
11.3541 	EXP 	Stimuli: height = 0.1
11.3541 	EXP 	Stimuli: height = 0.1
11.3541 	EXP 	Stimuli: text = '+'
11.5486 	EXP 	New trial (rep=0, index=7): OrderedDict([('stimuli', 'X'), ('trial_type', 'target'), ('stimulus_onset', 11.0), ('block_type', '0-back'), ('stimulus_size', 0.3), ('stimulus_duration', 2.8), ('cor_res', 'left')])
11.5722 	EXP 	Stimuli: autoDraw = False
11.5722 	EXP 	Stimuli: autoDraw = False
11.5722 	EXP 	Stimuli: height = 0.1
11.5722 	EXP 	Stimuli: height = 0.1
11.5722 	EXP 	Stimuli: height = 0.1
11.5722 	EXP 	Stimuli: text = 'X'
11.5722 	EXP 	Stimuli: height = 0.3
11.5722 	EXP 	Stimuli: autoDraw = True
11.5722 	EXP 	Stimuli: height = 0.3
11.5722 	EXP 	Stimuli: height = 0.3
11.5722 	EXP 	Stimuli: height = 0.3
11.5722 	EXP 	Stimuli: text = 'X'
14.3637 	EXP 	New trial (rep=0, index=8): OrderedDict([('stimuli', '+'), ('trial_type', 'fixation'), ('stimulus_onset', 13.8), ('block_type', '0-back'), ('stimulus_size', 0.1), ('stimulus_duration', 0.2), ('cor_res', None)])
14.3867 	EXP 	Stimuli: autoDraw = False
14.3867 	EXP 	Stimuli: autoDraw = False
14.3867 	EXP 	Stimuli: height = 0.3
14.3867 	EXP 	Stimuli: height = 0.3
14.3867 	EXP 	Stimuli: height = 0.3
14.3867 	EXP 	Stimuli: text = '+'
14.3867 	EXP 	Stimuli: height = 0.1
14.3867 	EXP 	Stimuli: autoDraw = True
14.3867 	EXP 	Stimuli: height = 0.1
14.3867 	EXP 	Stimuli: height = 0.1
14.3867 	EXP 	Stimuli: height = 0.1
14.3867 	EXP 	Stimuli: text = '+'
14.5798 	EXP 	New trial (rep=0, index=9): OrderedDict([('stimuli', 'Q'), ('trial_type', 'non-target'), ('stimulus_onset', 14.0), ('block_type', '0-back'), ('stimulus_size', 0.3), ('stimulus_duration', 2.8), ('cor_res', 'right')])
14.6409 	EXP 	Stimuli: autoDraw = False
14.6409 	EXP 	Stimuli: autoDraw = False
14.6409 	EXP 	Stimuli: height = 0.1
14.6409 	EXP 	Stimuli: height = 0.1
14.6409 	EXP 	Stimuli: height = 0.1
14.6409 	EXP 	Stimuli: text = 'Q'
14.6409 	EXP 	Stimuli: height = 0.3
14.6409 	EXP 	Stimuli: autoDraw = True
14.6409 	EXP 	Stimuli: height = 0.3
14.6409 	EXP 	Stimuli: height = 0.3
14.6409 	EXP 	Stimuli: height = 0.3
14.6409 	EXP 	Stimuli: text = 'Q'
17.4277 	EXP 	New trial (rep=0, index=10): OrderedDict([('stimuli', '+'), ('trial_type', 'fixation'), ('stimulus_onset', 16.8), ('block_type', '0-back'), ('stimulus_size', 0.1), ('stimulus_duration', 0.2), ('cor_res', None)])
17.4558 	EXP 	Stimuli: autoDraw = False
17.4558 	EXP 	Stimuli: autoDraw = False
17.4558 	EXP 	Stimuli: height = 0.3
17.4558 	EXP 	Stimuli: height = 0.3
17.4558 	EXP 	Stimuli: height = 0.3
17.4558 	EXP 	Stimuli: text = '+'
17.4558 	EXP 	Stimuli: height = 0.1
17.4558 	EXP 	Stimuli: autoDraw = True
17.4558 	EXP 	Stimuli: height = 0.1
17.4558 	EXP 	Stimuli: height = 0.1
17.4558 	EXP 	Stimuli: height = 0.1
17.4558 	EXP 	Stimuli: text = '+'
17.6442 	EXP 	New trial (rep=0, index=11): OrderedDict([('stimuli', 'X'), ('trial_type', 'target'), ('stimulus_onset', 17.0), ('block_type', '0-back'), ('stimulus_size', 0.3), ('stimulus_duration', 2.8), ('cor_res', 'left')])
17.6737 	EXP 	Stimuli: autoDraw = False
17.6737 	EXP 	Stimuli: autoDraw = False
17.6737 	EXP 	Stimuli: height = 0.1
17.6737 	EXP 	Stimuli: height = 0.1
17.6737 	EXP 	Stimuli: height = 0.1
17.6737 	EXP 	Stimuli: text = 'X'
17.6737 	EXP 	Stimuli: height = 0.3
17.6737 	EXP 	Stimuli: autoDraw = True
17.6737 	EXP 	Stimuli: height = 0.3
17.6737 	EXP 	Stimuli: height = 0.3
17.6737 	EXP 	Stimuli: height = 0.3
17.6737 	EXP 	Stimuli: text = 'X'
20.4585 	EXP 	New trial (rep=0, index=12): OrderedDict([('stimuli', '+'), ('trial_type', 'fixation'), ('stimulus_onset', 19.8), ('block_type', '0-back'), ('stimulus_size', 0.1), ('stimulus_duration', 0.2), ('cor_res', None)])
20.4800 	EXP 	Stimuli: autoDraw = False
20.4800 	EXP 	Stimuli: autoDraw = False
20.4800 	EXP 	Stimuli: height = 0.3
20.4800 	EXP 	Stimuli: height = 0.3
20.4800 	EXP 	Stimuli: height = 0.3
20.4800 	EXP 	Stimuli: text = '+'
20.4800 	EXP 	Stimuli: height = 0.1
20.4800 	EXP 	Stimuli: autoDraw = True
20.4800 	EXP 	Stimuli: height = 0.1
20.4800 	EXP 	Stimuli: height = 0.1
20.4800 	EXP 	Stimuli: height = 0.1
20.4800 	EXP 	Stimuli: text = '+'
20.6745 	EXP 	New trial (rep=0, index=13): OrderedDict([('stimuli', 'X'), ('trial_type', 'target'), ('stimulus_onset', 20.0), ('block_type', '0-back'), ('stimulus_size', 0.3), ('stimulus_duration', 2.8), ('cor_res', 'left')])
20.6957 	EXP 	Stimuli: autoDraw = False
20.6957 	EXP 	Stimuli: autoDraw = False
20.6957 	EXP 	Stimuli: height = 0.1
20.6957 	EXP 	Stimuli: height = 0.1
20.6957 	EXP 	Stimuli: height = 0.1
20.6957 	EXP 	Stimuli: text = 'X'
20.6957 	EXP 	Stimuli: height = 0.3
20.6957 	EXP 	Stimuli: autoDraw = True
20.6957 	EXP 	Stimuli: height = 0.3
20.6957 	EXP 	Stimuli: height = 0.3
20.6957 	EXP 	Stimuli: height = 0.3
20.6957 	EXP 	Stimuli: text = 'X'
23.4894 	EXP 	New trial (rep=0, index=14): OrderedDict([('stimuli', '+'), ('trial_type', 'fixation'), ('stimulus_onset', 22.8), ('block_type', '0-back'), ('stimulus_size', 0.1), ('stimulus_duration', 0.2), ('cor_res', None)])
23.5116 	EXP 	Stimuli: autoDraw = False
23.5116 	EXP 	Stimuli: autoDraw = False
23.5116 	EXP 	Stimuli: height = 0.3
23.5116 	EXP 	Stimuli: height = 0.3
23.5116 	EXP 	Stimuli: height = 0.3
23.5116 	EXP 	Stimuli: text = '+'
23.5116 	EXP 	Stimuli: height = 0.1
23.5116 	EXP 	Stimuli: autoDraw = True
23.5116 	EXP 	Stimuli: height = 0.1
23.5116 	EXP 	Stimuli: height = 0.1
23.5116 	EXP 	Stimuli: height = 0.1
23.5116 	EXP 	Stimuli: text = '+'
23.7057 	EXP 	New trial (rep=0, index=15): OrderedDict([('stimuli', 'Q'), ('trial_type', 'non-target'), ('stimulus_onset', 23.0), ('block_type', '0-back'), ('stimulus_size', 0.3), ('stimulus_duration', 2.8), ('cor_res', 'right')])
23.7609 	EXP 	Stimuli: autoDraw = False
23.7609 	EXP 	Stimuli: autoDraw = False
23.7609 	EXP 	Stimuli: height = 0.1
23.7609 	EXP 	Stimuli: height = 0.1
23.7609 	EXP 	Stimuli: height = 0.1
23.7609 	EXP 	Stimuli: text = 'Q'
23.7609 	EXP 	Stimuli: height = 0.3
23.7609 	EXP 	Stimuli: autoDraw = True
23.7609 	EXP 	Stimuli: height = 0.3
23.7609 	EXP 	Stimuli: height = 0.3
23.7609 	EXP 	Stimuli: height = 0.3
23.7609 	EXP 	Stimuli: text = 'Q'
26.5531 	EXP 	New trial (rep=0, index=16): OrderedDict([('stimuli', '+'), ('trial_type', 'fixation'), ('stimulus_onset', 25.8), ('block_type', '0-back'), ('stimulus_size', 0.1), ('stimulus_duration', 0.2), ('cor_res', None)])
26.5739 	EXP 	Stimuli: autoDraw = False
26.5739 	EXP 	Stimuli: autoDraw = False
26.5739 	EXP 	Stimuli: height = 0.3
26.5739 	EXP 	Stimuli: height = 0.3
26.5739 	EXP 	Stimuli: height = 0.3
26.5739 	EXP 	Stimuli: text = '+'
26.5739 	EXP 	Stimuli: height = 0.1
26.5739 	EXP 	Stimuli: autoDraw = True
26.5739 	EXP 	Stimuli: height = 0.1
26.5739 	EXP 	Stimuli: height = 0.1
26.5739 	EXP 	Stimuli: height = 0.1
26.5739 	EXP 	Stimuli: text = '+'
26.7696 	EXP 	New trial (rep=0, index=17): OrderedDict([('stimuli', 'X'), ('trial_type', 'target'), ('stimulus_onset', 26.0), ('block_type', '0-back'), ('stimulus_size', 0.3), ('stimulus_duration', 2.8), ('cor_res', 'left')])
26.7907 	EXP 	Stimuli: autoDraw = False
26.7907 	EXP 	Stimuli: autoDraw = False
26.7907 	EXP 	Stimuli: height = 0.1
26.7907 	EXP 	Stimuli: height = 0.1
26.7907 	EXP 	Stimuli: height = 0.1
26.7907 	EXP 	Stimuli: text = 'X'
26.7907 	EXP 	Stimuli: height = 0.3
26.7907 	EXP 	Stimuli: autoDraw = True
26.7907 	EXP 	Stimuli: height = 0.3
26.7907 	EXP 	Stimuli: height = 0.3
26.7907 	EXP 	Stimuli: height = 0.3
26.7907 	EXP 	Stimuli: text = 'X'
29.5839 	EXP 	New trial (rep=0, index=18): OrderedDict([('stimuli', '+'), ('trial_type', 'fixation'), ('stimulus_onset', 28.8), ('block_type', '0-back'), ('stimulus_size', 0.1), ('stimulus_duration', 0.2), ('cor_res', None)])
29.6040 	EXP 	Stimuli: autoDraw = False
29.6040 	EXP 	Stimuli: autoDraw = False
29.6040 	EXP 	Stimuli: height = 0.3
29.6040 	EXP 	Stimuli: height = 0.3
29.6040 	EXP 	Stimuli: height = 0.3
29.6040 	EXP 	Stimuli: text = '+'
29.6040 	EXP 	Stimuli: height = 0.1
29.6040 	EXP 	Stimuli: autoDraw = True
29.6040 	EXP 	Stimuli: height = 0.1
29.6040 	EXP 	Stimuli: height = 0.1
29.6040 	EXP 	Stimuli: height = 0.1
29.6040 	EXP 	Stimuli: text = '+'
29.8005 	EXP 	New trial (rep=0, index=19): OrderedDict([('stimuli', 'X'), ('trial_type', 'target'), ('stimulus_onset', 29.0), ('block_type', '0-back'), ('stimulus_size', 0.3), ('stimulus_duration', 2.8), ('cor_res', 'left')])
29.8206 	EXP 	Stimuli: autoDraw = False
29.8206 	EXP 	Stimuli: autoDraw = False
29.8206 	EXP 	Stimuli: height = 0.1
29.8206 	EXP 	Stimuli: height = 0.1
29.8206 	EXP 	Stimuli: height = 0.1
29.8206 	EXP 	Stimuli: text = 'X'
29.8206 	EXP 	Stimuli: height = 0.3
29.8206 	EXP 	Stimuli: autoDraw = True
29.8206 	EXP 	Stimuli: height = 0.3
29.8206 	EXP 	Stimuli: height = 0.3
29.8206 	EXP 	Stimuli: height = 0.3
29.8206 	EXP 	Stimuli: text = 'X'
32.6156 	EXP 	New trial (rep=0, index=20): OrderedDict([('stimuli', '+'), ('trial_type', 'rest'), ('stimulus_onset', 31.8), ('block_type', 'rest'), ('stimulus_size', 0.1), ('stimulus_duration', 10.0), ('cor_res', None)])
32.6386 	EXP 	Stimuli: autoDraw = False
32.6386 	EXP 	Stimuli: autoDraw = False
32.6386 	EXP 	Stimuli: height = 0.3
32.6386 	EXP 	Stimuli: height = 0.3
32.6386 	EXP 	Stimuli: height = 0.3
32.6386 	EXP 	Stimuli: text = '+'
32.6386 	EXP 	Stimuli: height = 0.1
32.6386 	EXP 	Stimuli: autoDraw = True
32.6386 	EXP 	Stimuli: height = 0.1
32.6386 	EXP 	Stimuli: height = 0.1
32.6386 	EXP 	Stimuli: height = 0.1
32.6386 	EXP 	Stimuli: text = '+'
42.6240 	EXP 	New trial (rep=0, index=21): OrderedDict([('stimuli', 'png'), ('trial_type', 'cue'), ('stimulus_onset', 41.8), ('block_type', 'cue'), ('stimulus_size', 0.2), ('stimulus_duration', 2.0), ('cor_res', None)])
42.6542 	EXP 	Stimuli: autoDraw = False
42.6542 	EXP 	Stimuli: autoDraw = False
42.6542 	EXP 	Stimuli: height = 0.1
42.6542 	EXP 	Stimuli: height = 0.1
42.6542 	EXP 	Stimuli: height = 0.1
42.6542 	EXP 	Stimuli: text = 'png'
42.6542 	EXP 	Stimuli: height = 0.2
42.6542 	EXP 	Stimuli: autoDraw = True
42.6542 	EXP 	Stimuli: height = 0.2
42.6542 	EXP 	Stimuli: height = 0.2
42.6542 	EXP 	Stimuli: height = 0.2
42.6542 	EXP 	Stimuli: text = 'png'
44.6389 	EXP 	New trial (rep=0, index=22): OrderedDict([('stimuli', 'Q'), ('trial_type', 'non-target'), ('stimulus_onset', 43.8), ('block_type', '1-back'), ('stimulus_size', 0.3), ('stimulus_duration', 2.8), ('cor_res', 'right')])
44.6754 	EXP 	Stimuli: autoDraw = False
44.6754 	EXP 	Stimuli: autoDraw = False
44.6754 	EXP 	Stimuli: height = 0.2
44.6754 	EXP 	Stimuli: height = 0.2
44.6754 	EXP 	Stimuli: height = 0.2
44.6754 	EXP 	Stimuli: text = 'Q'
44.6754 	EXP 	Stimuli: height = 0.3
44.6754 	EXP 	Stimuli: autoDraw = True
44.6754 	EXP 	Stimuli: height = 0.3
44.6754 	EXP 	Stimuli: height = 0.3
44.6754 	EXP 	Stimuli: height = 0.3
44.6754 	EXP 	Stimuli: text = 'Q'
47.4698 	EXP 	New trial (rep=0, index=23): OrderedDict([('stimuli', '+'), ('trial_type', 'fixation'), ('stimulus_onset', 46.6), ('block_type', '1-back'), ('stimulus_size', 0.1), ('stimulus_duration', 0.2), ('cor_res', None)])
47.4909 	EXP 	Stimuli: autoDraw = False
47.4909 	EXP 	Stimuli: autoDraw = False
47.4909 	EXP 	Stimuli: height = 0.3
47.4909 	EXP 	Stimuli: height = 0.3
47.4909 	EXP 	Stimuli: height = 0.3
47.4909 	EXP 	Stimuli: text = '+'
47.4909 	EXP 	Stimuli: height = 0.1
47.4909 	EXP 	Stimuli: autoDraw = True
47.4909 	EXP 	Stimuli: height = 0.1
47.4909 	EXP 	Stimuli: height = 0.1
47.4909 	EXP 	Stimuli: height = 0.1
47.4909 	EXP 	Stimuli: text = '+'
47.6863 	EXP 	New trial (rep=0, index=24): OrderedDict([('stimuli', 'Z'), ('trial_type', 'non-target'), ('stimulus_onset', 46.8), ('block_type', '1-back'), ('stimulus_size', 0.3), ('stimulus_duration', 2.8), ('cor_res', 'right')])
47.7052 	EXP 	Stimuli: autoDraw = False
47.7052 	EXP 	Stimuli: autoDraw = False
47.7052 	EXP 	Stimuli: height = 0.1
47.7052 	EXP 	Stimuli: height = 0.1
47.7052 	EXP 	Stimuli: height = 0.1
47.7052 	EXP 	Stimuli: text = 'Z'
47.7052 	EXP 	Stimuli: height = 0.3
47.7052 	EXP 	Stimuli: autoDraw = True
47.7052 	EXP 	Stimuli: height = 0.3
47.7052 	EXP 	Stimuli: height = 0.3
47.7052 	EXP 	Stimuli: height = 0.3
47.7052 	EXP 	Stimuli: text = 'Z'
50.5015 	EXP 	New trial (rep=0, index=25): OrderedDict([('stimuli', '+'), ('trial_type', 'fixation'), ('stimulus_onset', 49.6), ('block_type', '1-back'), ('stimulus_size', 0.1), ('stimulus_duration', 0.2), ('cor_res', None)])
50.5290 	EXP 	Stimuli: autoDraw = False
50.5290 	EXP 	Stimuli: autoDraw = False
50.5290 	EXP 	Stimuli: height = 0.3
50.5290 	EXP 	Stimuli: height = 0.3
50.5290 	EXP 	Stimuli: height = 0.3
50.5290 	EXP 	Stimuli: text = '+'
50.5290 	EXP 	Stimuli: height = 0.1
50.5290 	EXP 	Stimuli: autoDraw = True
50.5290 	EXP 	Stimuli: height = 0.1
50.5290 	EXP 	Stimuli: height = 0.1
50.5290 	EXP 	Stimuli: height = 0.1
50.5290 	EXP 	Stimuli: text = '+'
50.7176 	EXP 	New trial (rep=0, index=26): OrderedDict([('stimuli', 'Z'), ('trial_type', 'target'), ('stimulus_onset', 49.8), ('block_type', '1-back'), ('stimulus_size', 0.3), ('stimulus_duration', 2.8), ('cor_res', 'left')])
50.7394 	EXP 	Stimuli: autoDraw = False
50.7394 	EXP 	Stimuli: autoDraw = False
50.7394 	EXP 	Stimuli: height = 0.1
50.7394 	EXP 	Stimuli: height = 0.1
50.7394 	EXP 	Stimuli: height = 0.1
50.7394 	EXP 	Stimuli: text = 'Z'
50.7394 	EXP 	Stimuli: height = 0.3
50.7394 	EXP 	Stimuli: autoDraw = True
50.7394 	EXP 	Stimuli: height = 0.3
50.7394 	EXP 	Stimuli: height = 0.3
50.7394 	EXP 	Stimuli: height = 0.3
50.7394 	EXP 	Stimuli: text = 'Z'
53.5317 	EXP 	New trial (rep=0, index=27): OrderedDict([('stimuli', '+'), ('trial_type', 'fixation'), ('stimulus_onset', 52.6), ('block_type', '1-back'), ('stimulus_size', 0.1), ('stimulus_duration', 0.2), ('cor_res', None)])
53.5527 	EXP 	Stimuli: autoDraw = False
53.5527 	EXP 	Stimuli: autoDraw = False
53.5527 	EXP 	Stimuli: height = 0.3
53.5527 	EXP 	Stimuli: height = 0.3
53.5527 	EXP 	Stimuli: height = 0.3
53.5527 	EXP 	Stimuli: text = '+'
53.5527 	EXP 	Stimuli: height = 0.1
53.5527 	EXP 	Stimuli: autoDraw = True
53.5527 	EXP 	Stimuli: height = 0.1
53.5527 	EXP 	Stimuli: height = 0.1
53.5527 	EXP 	Stimuli: height = 0.1
53.5527 	EXP 	Stimuli: text = '+'
53.7480 	EXP 	New trial (rep=0, index=28): OrderedDict([('stimuli', 'Z'), ('trial_type', 'target'), ('stimulus_onset', 52.8), ('block_type', '1-back'), ('stimulus_size', 0.3), ('stimulus_duration', 2.8), ('cor_res', 'left')])
53.7666 	EXP 	Stimuli: autoDraw = False
53.7666 	EXP 	Stimuli: autoDraw = False
53.7666 	EXP 	Stimuli: height = 0.1
53.7666 	EXP 	Stimuli: height = 0.1
53.7666 	EXP 	Stimuli: height = 0.1
53.7666 	EXP 	Stimuli: text = 'Z'
53.7666 	EXP 	Stimuli: height = 0.3
53.7666 	EXP 	Stimuli: autoDraw = True
53.7666 	EXP 	Stimuli: height = 0.3
53.7666 	EXP 	Stimuli: height = 0.3
53.7666 	EXP 	Stimuli: height = 0.3
53.7666 	EXP 	Stimuli: text = 'Z'
56.5624 	EXP 	New trial (rep=0, index=29): OrderedDict([('stimuli', '+'), ('trial_type', 'fixation'), ('stimulus_onset', 55.6), ('block_type', '1-back'), ('stimulus_size', 0.1), ('stimulus_duration', 0.2), ('cor_res', None)])
56.5823 	EXP 	Stimuli: autoDraw = False
56.5823 	EXP 	Stimuli: autoDraw = False
56.5823 	EXP 	Stimuli: height = 0.3
56.5823 	EXP 	Stimuli: height = 0.3
56.5823 	EXP 	Stimuli: height = 0.3
56.5823 	EXP 	Stimuli: text = '+'
56.5823 	EXP 	Stimuli: height = 0.1
56.5823 	EXP 	Stimuli: autoDraw = True
56.5823 	EXP 	Stimuli: height = 0.1
56.5823 	EXP 	Stimuli: height = 0.1
56.5823 	EXP 	Stimuli: height = 0.1
56.5823 	EXP 	Stimuli: text = '+'
56.7792 	EXP 	New trial (rep=0, index=30): OrderedDict([('stimuli', 'Z'), ('trial_type', 'target'), ('stimulus_onset', 55.8), ('block_type', '1-back'), ('stimulus_size', 0.3), ('stimulus_duration', 2.8), ('cor_res', 'left')])
56.7985 	EXP 	Stimuli: autoDraw = False
56.7985 	EXP 	Stimuli: autoDraw = False
56.7985 	EXP 	Stimuli: height = 0.1
56.7985 	EXP 	Stimuli: height = 0.1
56.7985 	EXP 	Stimuli: height = 0.1
56.7985 	EXP 	Stimuli: text = 'Z'
56.7985 	EXP 	Stimuli: height = 0.3
56.7985 	EXP 	Stimuli: autoDraw = True
56.7985 	EXP 	Stimuli: height = 0.3
56.7985 	EXP 	Stimuli: height = 0.3
56.7985 	EXP 	Stimuli: height = 0.3
56.7985 	EXP 	Stimuli: text = 'Z'
57.0722 	DATA 	Keypress: escape
57.1617 	EXP 	run_experiment: status = STOPPED
57.1773 	EXP 	Stimuli: autoDraw = False
57.1774 	EXP 	run_experiment: status = STOPPED
57.2219 	EXP 	window1: mouseVisible = True
