16.4072 	EXP 	Created window1 = Window(allowGUI=True, allowStencil=False, autoLog=True, backendConf=UNKNOWN, backgroundFit=<method-wrapper '__getattribute__' of attributeSetter object at 0x7a9b9d2956c0>, backgroundImage=<method-wrapper '__getattribute__' of attributeSetter object at 0x7a9b9d295720>, bitsMode=UNKNOWN, blendMode='avg', bpc=(8, 8, 8), color=array([-1, -1, -1]), colorSpace='rgb', depthBits=8, fullscr=<method-wrapper '__getattribute__' of attributeSetter object at 0x7a9b9d295a20>, gamma=None, gammaErrorPolicy='raise', lms=UNKNOWN, monitor=<psychopy.monitors.calibTools.Monitor object at 0x7a9b7ab72080>, multiSample=False, name='window1', numSamples=2, pos=[0.0, 0.0], screen=0, size=array([1920, 1080]), stencilBits=0, stereo=False, title='PsychoPy', units='height', useFBO=True, useRetina=False, viewOri=0.0, viewPos=None, viewScale=None, waitBlanking=True, winType='pyglet')
16.4074 	EXP 	window1: mouseVisible = True
16.4074 	EXP 	window1: backgroundImage = ''
16.4075 	EXP 	window1: backgroundFit = 'none'
16.4133 	EXP 	window1: Attempting to measure frame rate of screen (0) ...
16.4134 	EXP 	window1: recordFrameIntervals = False
16.5725 	EXP 	window1: recordFrameIntervals = True
16.7563 	EXP 	Screen (0) actual frame rate measured at 59.93Hz
16.7564 	EXP 	window1: recordFrameIntervals = False
16.7591 	EXP 	window1: mouseVisible = False
20.6049 	EXP 	run_experiment: status = STARTED
20.6055 	EXP 	window1: mouseVisible = True
20.6557 	EXP 	Created Stimuli = TextStim(__class__=<class 'psychopy.visual.text.TextStim'>, alignHoriz=method-wrapper(...), alignText='center', alignVert=method-wrapper(...), anchorHoriz='center', anchorVert='center', antialias=True, autoDraw=False, autoLog=True, bold=False, color=array([1., 1., 1.]), colorSpace='rgb', contrast=1.0, depth=0.0, draggable=False, flipHoriz=False, flipVert=False, font='Open Sans', fontFiles=[], height=1.0, italic=False, languageStyle='LTR', name='Stimuli', opacity=1.0, ori=0.0, pos=array([0., 0.]), rgb=UNKNOWN, text='', units='height', win=Window(...), wrapWidth=1)
0.0340 	EXP 	Imported experiment.csv as conditions, 168 conditions, 8 params
0.0365 	EXP 	Created sequence: sequential, trialTypes=168, nReps=1, seed=None
0.0371 	EXP 	New trial (rep=0, index=0): OrderedDict([('stimuli', 'png'), ('trial_type', 'cue'), ('stimulus_onset', 0.0), ('block_type', '0-back'), ('stimulus_size', 0.15), ('stimulus_color', 'red'), ('stimulus_duration', 2.0), ('cor_res', None)])
0.3553 	EXP 	Stimuli: foreColor = <psychopy.colors.Color: red, alpha=1.0>
0.3553 	EXP 	Stimuli: height = 1.0
0.3553 	EXP 	Stimuli: height = 1.0
0.3553 	EXP 	Stimuli: height = 1.0
0.3553 	EXP 	Stimuli: text = 'png'
0.3553 	EXP 	Stimuli: height = 0.15
0.3553 	EXP 	Stimuli: autoDraw = True
0.3553 	EXP 	Stimuli: height = 0.15
0.3553 	EXP 	Stimuli: height = 0.15
0.3553 	EXP 	Stimuli: height = 0.15
0.3553 	EXP 	Stimuli: text = 'png'
2.3465 	EXP 	New trial (rep=0, index=1): OrderedDict([('stimuli', 'X'), ('trial_type', 'target'), ('stimulus_onset', 2.0), ('block_type', '0-back'), ('stimulus_size', 0.15), ('stimulus_color', 'white'), ('stimulus_duration', 2.8), ('cor_res', 'left')])
2.3679 	EXP 	Stimuli: autoDraw = False
2.3679 	EXP 	Stimuli: autoDraw = False
2.3679 	EXP 	Stimuli: foreColor = <psychopy.colors.Color: white, alpha=1.0>
2.3679 	EXP 	Stimuli: height = 0.15
2.3679 	EXP 	Stimuli: height = 0.15
2.3679 	EXP 	Stimuli: height = 0.15
2.3679 	EXP 	Stimuli: text = 'X'
2.3679 	EXP 	Stimuli: height = 0.15
2.3679 	EXP 	Stimuli: autoDraw = True
2.3679 	EXP 	Stimuli: height = 0.15
2.3679 	EXP 	Stimuli: height = 0.15
2.3679 	EXP 	Stimuli: height = 0.15
2.3679 	EXP 	Stimuli: text = 'X'
5.1612 	EXP 	New trial (rep=0, index=2): OrderedDict([('stimuli', '+'), ('trial_type', 'fixation'), ('stimulus_onset', 4.8), ('block_type', '0-back'), ('stimulus_size', 0.05), ('stimulus_color', 'white'), ('stimulus_duration', 0.2), ('cor_res', None)])
5.2529 	EXP 	Stimuli: autoDraw = False
5.2529 	EXP 	Stimuli: autoDraw = False
5.2529 	EXP 	Stimuli: foreColor = <psychopy.colors.Color: white, alpha=1.0>
5.2529 	EXP 	Stimuli: height = 0.15
5.2529 	EXP 	Stimuli: height = 0.15
5.2529 	EXP 	Stimuli: height = 0.15
5.2529 	EXP 	Stimuli: text = '+'
5.2529 	EXP 	Stimuli: height = 0.05
5.2529 	EXP 	Stimuli: autoDraw = True
5.2529 	EXP 	Stimuli: height = 0.05
5.2529 	EXP 	Stimuli: height = 0.05
5.2529 	EXP 	Stimuli: height = 0.05
5.2529 	EXP 	Stimuli: text = '+'
5.4442 	EXP 	New trial (rep=0, index=3): OrderedDict([('stimuli', 'U'), ('trial_type', 'non-target'), ('stimulus_onset', 5.0), ('block_type', '0-back'), ('stimulus_size', 0.15), ('stimulus_color', 'white'), ('stimulus_duration', 2.8), ('cor_res', 'right')])
5.4673 	EXP 	Stimuli: autoDraw = False
5.4673 	EXP 	Stimuli: autoDraw = False
5.4673 	EXP 	Stimuli: foreColor = <psychopy.colors.Color: white, alpha=1.0>
5.4673 	EXP 	Stimuli: height = 0.05
5.4673 	EXP 	Stimuli: height = 0.05
5.4673 	EXP 	Stimuli: height = 0.05
5.4673 	EXP 	Stimuli: text = 'U'
5.4673 	EXP 	Stimuli: height = 0.15
5.4673 	EXP 	Stimuli: autoDraw = True
5.4673 	EXP 	Stimuli: height = 0.15
5.4673 	EXP 	Stimuli: height = 0.15
5.4673 	EXP 	Stimuli: height = 0.15
5.4673 	EXP 	Stimuli: text = 'U'
8.2584 	EXP 	New trial (rep=0, index=4): OrderedDict([('stimuli', '+'), ('trial_type', 'fixation'), ('stimulus_onset', 7.8), ('block_type', '0-back'), ('stimulus_size', 0.05), ('stimulus_color', 'white'), ('stimulus_duration', 0.2), ('cor_res', None)])
8.2816 	EXP 	Stimuli: autoDraw = False
8.2816 	EXP 	Stimuli: autoDraw = False
8.2816 	EXP 	Stimuli: foreColor = <psychopy.colors.Color: white, alpha=1.0>
8.2816 	EXP 	Stimuli: height = 0.15
8.2816 	EXP 	Stimuli: height = 0.15
8.2816 	EXP 	Stimuli: height = 0.15
8.2816 	EXP 	Stimuli: text = '+'
8.2816 	EXP 	Stimuli: height = 0.05
8.2816 	EXP 	Stimuli: autoDraw = True
8.2816 	EXP 	Stimuli: height = 0.05
8.2816 	EXP 	Stimuli: height = 0.05
8.2816 	EXP 	Stimuli: height = 0.05
8.2816 	EXP 	Stimuli: text = '+'
8.4749 	EXP 	New trial (rep=0, index=5): OrderedDict([('stimuli', 'U'), ('trial_type', 'non-target'), ('stimulus_onset', 8.0), ('block_type', '0-back'), ('stimulus_size', 0.15), ('stimulus_color', 'white'), ('stimulus_duration', 2.8), ('cor_res', 'right')])
8.4977 	EXP 	Stimuli: autoDraw = False
8.4977 	EXP 	Stimuli: autoDraw = False
8.4977 	EXP 	Stimuli: foreColor = <psychopy.colors.Color: white, alpha=1.0>
8.4977 	EXP 	Stimuli: height = 0.05
8.4977 	EXP 	Stimuli: height = 0.05
8.4977 	EXP 	Stimuli: height = 0.05
8.4977 	EXP 	Stimuli: text = 'U'
8.4977 	EXP 	Stimuli: height = 0.15
8.4977 	EXP 	Stimuli: autoDraw = True
8.4977 	EXP 	Stimuli: height = 0.15
8.4977 	EXP 	Stimuli: height = 0.15
8.4977 	EXP 	Stimuli: height = 0.15
8.4977 	EXP 	Stimuli: text = 'U'
11.2894 	EXP 	New trial (rep=0, index=6): OrderedDict([('stimuli', '+'), ('trial_type', 'fixation'), ('stimulus_onset', 10.8), ('block_type', '0-back'), ('stimulus_size', 0.05), ('stimulus_color', 'white'), ('stimulus_duration', 0.2), ('cor_res', None)])
11.3132 	EXP 	Stimuli: autoDraw = False
11.3132 	EXP 	Stimuli: autoDraw = False
11.3132 	EXP 	Stimuli: foreColor = <psychopy.colors.Color: white, alpha=1.0>
11.3132 	EXP 	Stimuli: height = 0.15
11.3132 	EXP 	Stimuli: height = 0.15
11.3132 	EXP 	Stimuli: height = 0.15
11.3132 	EXP 	Stimuli: text = '+'
11.3132 	EXP 	Stimuli: height = 0.05
11.3132 	EXP 	Stimuli: autoDraw = True
11.3132 	EXP 	Stimuli: height = 0.05
11.3132 	EXP 	Stimuli: height = 0.05
11.3132 	EXP 	Stimuli: height = 0.05
11.3132 	EXP 	Stimuli: text = '+'
11.5059 	EXP 	New trial (rep=0, index=7): OrderedDict([('stimuli', 'X'), ('trial_type', 'target'), ('stimulus_onset', 11.0), ('block_type', '0-back'), ('stimulus_size', 0.15), ('stimulus_color', 'white'), ('stimulus_duration', 2.8), ('cor_res', 'left')])
11.5287 	EXP 	Stimuli: autoDraw = False
11.5287 	EXP 	Stimuli: autoDraw = False
11.5287 	EXP 	Stimuli: foreColor = <psychopy.colors.Color: white, alpha=1.0>
11.5287 	EXP 	Stimuli: height = 0.05
11.5287 	EXP 	Stimuli: height = 0.05
11.5287 	EXP 	Stimuli: height = 0.05
11.5287 	EXP 	Stimuli: text = 'X'
11.5287 	EXP 	Stimuli: height = 0.15
11.5287 	EXP 	Stimuli: autoDraw = True
11.5287 	EXP 	Stimuli: height = 0.15
11.5287 	EXP 	Stimuli: height = 0.15
11.5287 	EXP 	Stimuli: height = 0.15
11.5287 	EXP 	Stimuli: text = 'X'
14.3201 	EXP 	New trial (rep=0, index=8): OrderedDict([('stimuli', '+'), ('trial_type', 'fixation'), ('stimulus_onset', 13.8), ('block_type', '0-back'), ('stimulus_size', 0.05), ('stimulus_color', 'white'), ('stimulus_duration', 0.2), ('cor_res', None)])
14.3447 	EXP 	Stimuli: autoDraw = False
14.3447 	EXP 	Stimuli: autoDraw = False
14.3447 	EXP 	Stimuli: foreColor = <psychopy.colors.Color: white, alpha=1.0>
14.3447 	EXP 	Stimuli: height = 0.15
14.3447 	EXP 	Stimuli: height = 0.15
14.3447 	EXP 	Stimuli: height = 0.15
14.3447 	EXP 	Stimuli: text = '+'
14.3447 	EXP 	Stimuli: height = 0.05
14.3447 	EXP 	Stimuli: autoDraw = True
14.3447 	EXP 	Stimuli: height = 0.05
14.3447 	EXP 	Stimuli: height = 0.05
14.3447 	EXP 	Stimuli: height = 0.05
14.3447 	EXP 	Stimuli: text = '+'
14.5367 	EXP 	New trial (rep=0, index=9): OrderedDict([('stimuli', 'E'), ('trial_type', 'non-target'), ('stimulus_onset', 14.0), ('block_type', '0-back'), ('stimulus_size', 0.15), ('stimulus_color', 'white'), ('stimulus_duration', 2.8), ('cor_res', 'right')])
14.5588 	EXP 	Stimuli: autoDraw = False
14.5588 	EXP 	Stimuli: autoDraw = False
14.5588 	EXP 	Stimuli: foreColor = <psychopy.colors.Color: white, alpha=1.0>
14.5588 	EXP 	Stimuli: height = 0.05
14.5588 	EXP 	Stimuli: height = 0.05
14.5588 	EXP 	Stimuli: height = 0.05
14.5588 	EXP 	Stimuli: text = 'E'
14.5588 	EXP 	Stimuli: height = 0.15
14.5588 	EXP 	Stimuli: autoDraw = True
14.5588 	EXP 	Stimuli: height = 0.15
14.5588 	EXP 	Stimuli: height = 0.15
14.5588 	EXP 	Stimuli: height = 0.15
14.5588 	EXP 	Stimuli: text = 'E'
17.3511 	EXP 	New trial (rep=0, index=10): OrderedDict([('stimuli', '+'), ('trial_type', 'fixation'), ('stimulus_onset', 16.8), ('block_type', '0-back'), ('stimulus_size', 0.05), ('stimulus_color', 'white'), ('stimulus_duration', 0.2), ('cor_res', None)])
17.3751 	EXP 	Stimuli: autoDraw = False
17.3751 	EXP 	Stimuli: autoDraw = False
17.3751 	EXP 	Stimuli: foreColor = <psychopy.colors.Color: white, alpha=1.0>
17.3751 	EXP 	Stimuli: height = 0.15
17.3751 	EXP 	Stimuli: height = 0.15
17.3751 	EXP 	Stimuli: height = 0.15
17.3751 	EXP 	Stimuli: text = '+'
17.3751 	EXP 	Stimuli: height = 0.05
17.3751 	EXP 	Stimuli: autoDraw = True
17.3751 	EXP 	Stimuli: height = 0.05
17.3751 	EXP 	Stimuli: height = 0.05
17.3751 	EXP 	Stimuli: height = 0.05
17.3751 	EXP 	Stimuli: text = '+'
17.5673 	EXP 	New trial (rep=0, index=11): OrderedDict([('stimuli', 'X'), ('trial_type', 'target'), ('stimulus_onset', 17.0), ('block_type', '0-back'), ('stimulus_size', 0.15), ('stimulus_color', 'white'), ('stimulus_duration', 2.8), ('cor_res', 'left')])
17.5898 	EXP 	Stimuli: autoDraw = False
17.5898 	EXP 	Stimuli: autoDraw = False
17.5898 	EXP 	Stimuli: foreColor = <psychopy.colors.Color: white, alpha=1.0>
17.5898 	EXP 	Stimuli: height = 0.05
17.5898 	EXP 	Stimuli: height = 0.05
17.5898 	EXP 	Stimuli: height = 0.05
17.5898 	EXP 	Stimuli: text = 'X'
17.5898 	EXP 	Stimuli: height = 0.15
17.5898 	EXP 	Stimuli: autoDraw = True
17.5898 	EXP 	Stimuli: height = 0.15
17.5898 	EXP 	Stimuli: height = 0.15
17.5898 	EXP 	Stimuli: height = 0.15
17.5898 	EXP 	Stimuli: text = 'X'
20.3819 	EXP 	New trial (rep=0, index=12): OrderedDict([('stimuli', '+'), ('trial_type', 'fixation'), ('stimulus_onset', 19.8), ('block_type', '0-back'), ('stimulus_size', 0.05), ('stimulus_color', 'white'), ('stimulus_duration', 0.2), ('cor_res', None)])
20.4057 	EXP 	Stimuli: autoDraw = False
20.4057 	EXP 	Stimuli: autoDraw = False
20.4057 	EXP 	Stimuli: foreColor = <psychopy.colors.Color: white, alpha=1.0>
20.4057 	EXP 	Stimuli: height = 0.15
20.4057 	EXP 	Stimuli: height = 0.15
20.4057 	EXP 	Stimuli: height = 0.15
20.4057 	EXP 	Stimuli: text = '+'
20.4057 	EXP 	Stimuli: height = 0.05
20.4057 	EXP 	Stimuli: autoDraw = True
20.4057 	EXP 	Stimuli: height = 0.05
20.4057 	EXP 	Stimuli: height = 0.05
20.4057 	EXP 	Stimuli: height = 0.05
20.4057 	EXP 	Stimuli: text = '+'
20.5981 	EXP 	New trial (rep=0, index=13): OrderedDict([('stimuli', 'T'), ('trial_type', 'non-target'), ('stimulus_onset', 20.0), ('block_type', '0-back'), ('stimulus_size', 0.15), ('stimulus_color', 'white'), ('stimulus_duration', 2.8), ('cor_res', 'right')])
20.6201 	EXP 	Stimuli: autoDraw = False
20.6201 	EXP 	Stimuli: autoDraw = False
20.6201 	EXP 	Stimuli: foreColor = <psychopy.colors.Color: white, alpha=1.0>
20.6201 	EXP 	Stimuli: height = 0.05
20.6201 	EXP 	Stimuli: height = 0.05
20.6201 	EXP 	Stimuli: height = 0.05
20.6201 	EXP 	Stimuli: text = 'T'
20.6201 	EXP 	Stimuli: height = 0.15
20.6201 	EXP 	Stimuli: autoDraw = True
20.6201 	EXP 	Stimuli: height = 0.15
20.6201 	EXP 	Stimuli: height = 0.15
20.6201 	EXP 	Stimuli: height = 0.15
20.6201 	EXP 	Stimuli: text = 'T'
23.4127 	EXP 	New trial (rep=0, index=14): OrderedDict([('stimuli', '+'), ('trial_type', 'fixation'), ('stimulus_onset', 22.8), ('block_type', '0-back'), ('stimulus_size', 0.05), ('stimulus_color', 'white'), ('stimulus_duration', 0.2), ('cor_res', None)])
23.4366 	EXP 	Stimuli: autoDraw = False
23.4366 	EXP 	Stimuli: autoDraw = False
23.4366 	EXP 	Stimuli: foreColor = <psychopy.colors.Color: white, alpha=1.0>
23.4366 	EXP 	Stimuli: height = 0.15
23.4366 	EXP 	Stimuli: height = 0.15
23.4366 	EXP 	Stimuli: height = 0.15
23.4366 	EXP 	Stimuli: text = '+'
23.4366 	EXP 	Stimuli: height = 0.05
23.4366 	EXP 	Stimuli: autoDraw = True
23.4366 	EXP 	Stimuli: height = 0.05
23.4366 	EXP 	Stimuli: height = 0.05
23.4366 	EXP 	Stimuli: height = 0.05
23.4366 	EXP 	Stimuli: text = '+'
23.6288 	EXP 	New trial (rep=0, index=15): OrderedDict([('stimuli', 'H'), ('trial_type', 'non-target'), ('stimulus_onset', 23.0), ('block_type', '0-back'), ('stimulus_size', 0.15), ('stimulus_color', 'white'), ('stimulus_duration', 2.8), ('cor_res', 'right')])
23.6514 	EXP 	Stimuli: autoDraw = False
23.6514 	EXP 	Stimuli: autoDraw = False
23.6514 	EXP 	Stimuli: foreColor = <psychopy.colors.Color: white, alpha=1.0>
23.6514 	EXP 	Stimuli: height = 0.05
23.6514 	EXP 	Stimuli: height = 0.05
23.6514 	EXP 	Stimuli: height = 0.05
23.6514 	EXP 	Stimuli: text = 'H'
23.6514 	EXP 	Stimuli: height = 0.15
23.6514 	EXP 	Stimuli: autoDraw = True
23.6514 	EXP 	Stimuli: height = 0.15
23.6514 	EXP 	Stimuli: height = 0.15
23.6514 	EXP 	Stimuli: height = 0.15
23.6514 	EXP 	Stimuli: text = 'H'
26.4432 	EXP 	New trial (rep=0, index=16): OrderedDict([('stimuli', '+'), ('trial_type', 'fixation'), ('stimulus_onset', 25.8), ('block_type', '0-back'), ('stimulus_size', 0.05), ('stimulus_color', 'white'), ('stimulus_duration', 0.2), ('cor_res', None)])
26.4665 	EXP 	Stimuli: autoDraw = False
26.4665 	EXP 	Stimuli: autoDraw = False
26.4665 	EXP 	Stimuli: foreColor = <psychopy.colors.Color: white, alpha=1.0>
26.4665 	EXP 	Stimuli: height = 0.15
26.4665 	EXP 	Stimuli: height = 0.15
26.4665 	EXP 	Stimuli: height = 0.15
26.4665 	EXP 	Stimuli: text = '+'
26.4665 	EXP 	Stimuli: height = 0.05
26.4665 	EXP 	Stimuli: autoDraw = True
26.4665 	EXP 	Stimuli: height = 0.05
26.4665 	EXP 	Stimuli: height = 0.05
26.4665 	EXP 	Stimuli: height = 0.05
26.4665 	EXP 	Stimuli: text = '+'
26.6598 	EXP 	New trial (rep=0, index=17): OrderedDict([('stimuli', 'X'), ('trial_type', 'target'), ('stimulus_onset', 26.0), ('block_type', '0-back'), ('stimulus_size', 0.15), ('stimulus_color', 'white'), ('stimulus_duration', 2.8), ('cor_res', 'left')])
26.6816 	EXP 	Stimuli: autoDraw = False
26.6816 	EXP 	Stimuli: autoDraw = False
26.6816 	EXP 	Stimuli: foreColor = <psychopy.colors.Color: white, alpha=1.0>
26.6816 	EXP 	Stimuli: height = 0.05
26.6816 	EXP 	Stimuli: height = 0.05
26.6816 	EXP 	Stimuli: height = 0.05
26.6816 	EXP 	Stimuli: text = 'X'
26.6816 	EXP 	Stimuli: height = 0.15
26.6816 	EXP 	Stimuli: autoDraw = True
26.6816 	EXP 	Stimuli: height = 0.15
26.6816 	EXP 	Stimuli: height = 0.15
26.6816 	EXP 	Stimuli: height = 0.15
26.6816 	EXP 	Stimuli: text = 'X'
29.4742 	EXP 	New trial (rep=0, index=18): OrderedDict([('stimuli', '+'), ('trial_type', 'fixation'), ('stimulus_onset', 28.8), ('block_type', '0-back'), ('stimulus_size', 0.05), ('stimulus_color', 'white'), ('stimulus_duration', 0.2), ('cor_res', None)])
29.4972 	EXP 	Stimuli: autoDraw = False
29.4972 	EXP 	Stimuli: autoDraw = False
29.4972 	EXP 	Stimuli: foreColor = <psychopy.colors.Color: white, alpha=1.0>
29.4972 	EXP 	Stimuli: height = 0.15
29.4972 	EXP 	Stimuli: height = 0.15
29.4972 	EXP 	Stimuli: height = 0.15
29.4972 	EXP 	Stimuli: text = '+'
29.4972 	EXP 	Stimuli: height = 0.05
29.4972 	EXP 	Stimuli: autoDraw = True
29.4972 	EXP 	Stimuli: height = 0.05
29.4972 	EXP 	Stimuli: height = 0.05
29.4972 	EXP 	Stimuli: height = 0.05
29.4972 	EXP 	Stimuli: text = '+'
29.6905 	EXP 	New trial (rep=0, index=19): OrderedDict([('stimuli', 'X'), ('trial_type', 'target'), ('stimulus_onset', 29.0), ('block_type', '0-back'), ('stimulus_size', 0.15), ('stimulus_color', 'white'), ('stimulus_duration', 2.8), ('cor_res', 'left')])
29.7122 	EXP 	Stimuli: autoDraw = False
29.7122 	EXP 	Stimuli: autoDraw = False
29.7122 	EXP 	Stimuli: foreColor = <psychopy.colors.Color: white, alpha=1.0>
29.7122 	EXP 	Stimuli: height = 0.05
29.7122 	EXP 	Stimuli: height = 0.05
29.7122 	EXP 	Stimuli: height = 0.05
29.7122 	EXP 	Stimuli: text = 'X'
29.7122 	EXP 	Stimuli: height = 0.15
29.7122 	EXP 	Stimuli: autoDraw = True
29.7122 	EXP 	Stimuli: height = 0.15
29.7122 	EXP 	Stimuli: height = 0.15
29.7122 	EXP 	Stimuli: height = 0.15
29.7122 	EXP 	Stimuli: text = 'X'
32.5044 	EXP 	New trial (rep=0, index=20): OrderedDict([('stimuli', '+'), ('trial_type', 'rest'), ('stimulus_onset', 31.8), ('block_type', 'rest'), ('stimulus_size', 0.05), ('stimulus_color', 'white'), ('stimulus_duration', 10.0), ('cor_res', None)])
32.5366 	EXP 	Stimuli: autoDraw = False
32.5366 	EXP 	Stimuli: autoDraw = False
32.5366 	EXP 	Stimuli: foreColor = <psychopy.colors.Color: white, alpha=1.0>
32.5366 	EXP 	Stimuli: height = 0.15
32.5366 	EXP 	Stimuli: height = 0.15
32.5366 	EXP 	Stimuli: height = 0.15
32.5366 	EXP 	Stimuli: text = '+'
32.5366 	EXP 	Stimuli: height = 0.05
32.5366 	EXP 	Stimuli: autoDraw = True
32.5366 	EXP 	Stimuli: height = 0.05
32.5366 	EXP 	Stimuli: height = 0.05
32.5366 	EXP 	Stimuli: height = 0.05
32.5366 	EXP 	Stimuli: text = '+'
42.5293 	EXP 	New trial (rep=0, index=21): OrderedDict([('stimuli', 'png'), ('trial_type', 'cue'), ('stimulus_onset', 41.8), ('block_type', '1-back'), ('stimulus_size', 0.15), ('stimulus_color', 'blue'), ('stimulus_duration', 2.0), ('cor_res', None)])
42.5526 	EXP 	Stimuli: autoDraw = False
42.5526 	EXP 	Stimuli: autoDraw = False
42.5526 	EXP 	Stimuli: foreColor = <psychopy.colors.Color: blue, alpha=1.0>
42.5526 	EXP 	Stimuli: height = 0.05
42.5526 	EXP 	Stimuli: height = 0.05
42.5526 	EXP 	Stimuli: height = 0.05
42.5526 	EXP 	Stimuli: text = 'png'
42.5526 	EXP 	Stimuli: height = 0.15
42.5526 	EXP 	Stimuli: autoDraw = True
42.5526 	EXP 	Stimuli: height = 0.15
42.5526 	EXP 	Stimuli: height = 0.15
42.5526 	EXP 	Stimuli: height = 0.15
42.5526 	EXP 	Stimuli: text = 'png'
44.5448 	EXP 	New trial (rep=0, index=22): OrderedDict([('stimuli', 'P'), ('trial_type', 'non-target'), ('stimulus_onset', 43.8), ('block_type', '1-back'), ('stimulus_size', 0.15), ('stimulus_color', 'white'), ('stimulus_duration', 2.8), ('cor_res', 'right')])
44.5640 	EXP 	Stimuli: autoDraw = False
44.5640 	EXP 	Stimuli: autoDraw = False
44.5640 	EXP 	Stimuli: foreColor = <psychopy.colors.Color: white, alpha=1.0>
44.5640 	EXP 	Stimuli: height = 0.15
44.5640 	EXP 	Stimuli: height = 0.15
44.5640 	EXP 	Stimuli: height = 0.15
44.5640 	EXP 	Stimuli: text = 'P'
44.5640 	EXP 	Stimuli: height = 0.15
44.5640 	EXP 	Stimuli: autoDraw = True
44.5640 	EXP 	Stimuli: height = 0.15
44.5640 	EXP 	Stimuli: height = 0.15
44.5640 	EXP 	Stimuli: height = 0.15
44.5640 	EXP 	Stimuli: text = 'P'
47.3590 	EXP 	New trial (rep=0, index=23): OrderedDict([('stimuli', '+'), ('trial_type', 'fixation'), ('stimulus_onset', 46.6), ('block_type', '1-back'), ('stimulus_size', 0.05), ('stimulus_color', 'white'), ('stimulus_duration', 0.2), ('cor_res', None)])
47.3817 	EXP 	Stimuli: autoDraw = False
47.3817 	EXP 	Stimuli: autoDraw = False
47.3817 	EXP 	Stimuli: foreColor = <psychopy.colors.Color: white, alpha=1.0>
47.3817 	EXP 	Stimuli: height = 0.15
47.3817 	EXP 	Stimuli: height = 0.15
47.3817 	EXP 	Stimuli: height = 0.15
47.3817 	EXP 	Stimuli: text = '+'
47.3817 	EXP 	Stimuli: height = 0.05
47.3817 	EXP 	Stimuli: autoDraw = True
47.3817 	EXP 	Stimuli: height = 0.05
47.3817 	EXP 	Stimuli: height = 0.05
47.3817 	EXP 	Stimuli: height = 0.05
47.3817 	EXP 	Stimuli: text = '+'
47.5752 	EXP 	New trial (rep=0, index=24): OrderedDict([('stimuli', 'P'), ('trial_type', 'target'), ('stimulus_onset', 46.8), ('block_type', '1-back'), ('stimulus_size', 0.15), ('stimulus_color', 'white'), ('stimulus_duration', 2.8), ('cor_res', 'left')])
47.5968 	EXP 	Stimuli: autoDraw = False
47.5968 	EXP 	Stimuli: autoDraw = False
47.5968 	EXP 	Stimuli: foreColor = <psychopy.colors.Color: white, alpha=1.0>
47.5968 	EXP 	Stimuli: height = 0.05
47.5968 	EXP 	Stimuli: height = 0.05
47.5968 	EXP 	Stimuli: height = 0.05
47.5968 	EXP 	Stimuli: text = 'P'
47.5968 	EXP 	Stimuli: height = 0.15
47.5968 	EXP 	Stimuli: autoDraw = True
47.5968 	EXP 	Stimuli: height = 0.15
47.5968 	EXP 	Stimuli: height = 0.15
47.5968 	EXP 	Stimuli: height = 0.15
47.5968 	EXP 	Stimuli: text = 'P'
50.3894 	EXP 	New trial (rep=0, index=25): OrderedDict([('stimuli', '+'), ('trial_type', 'fixation'), ('stimulus_onset', 49.6), ('block_type', '1-back'), ('stimulus_size', 0.05), ('stimulus_color', 'white'), ('stimulus_duration', 0.2), ('cor_res', None)])
50.4097 	EXP 	Stimuli: autoDraw = False
50.4097 	EXP 	Stimuli: autoDraw = False
50.4097 	EXP 	Stimuli: foreColor = <psychopy.colors.Color: white, alpha=1.0>
50.4097 	EXP 	Stimuli: height = 0.15
50.4097 	EXP 	Stimuli: height = 0.15
50.4097 	EXP 	Stimuli: height = 0.15
50.4097 	EXP 	Stimuli: text = '+'
50.4097 	EXP 	Stimuli: height = 0.05
50.4097 	EXP 	Stimuli: autoDraw = True
50.4097 	EXP 	Stimuli: height = 0.05
50.4097 	EXP 	Stimuli: height = 0.05
50.4097 	EXP 	Stimuli: height = 0.05
50.4097 	EXP 	Stimuli: text = '+'
50.6058 	EXP 	New trial (rep=0, index=26): OrderedDict([('stimuli', 'P'), ('trial_type', 'target'), ('stimulus_onset', 49.8), ('block_type', '1-back'), ('stimulus_size', 0.15), ('stimulus_color', 'white'), ('stimulus_duration', 2.8), ('cor_res', 'left')])
50.6251 	EXP 	Stimuli: autoDraw = False
50.6251 	EXP 	Stimuli: autoDraw = False
50.6251 	EXP 	Stimuli: foreColor = <psychopy.colors.Color: white, alpha=1.0>
50.6251 	EXP 	Stimuli: height = 0.05
50.6251 	EXP 	Stimuli: height = 0.05
50.6251 	EXP 	Stimuli: height = 0.05
50.6251 	EXP 	Stimuli: text = 'P'
50.6251 	EXP 	Stimuli: height = 0.15
50.6251 	EXP 	Stimuli: autoDraw = True
50.6251 	EXP 	Stimuli: height = 0.15
50.6251 	EXP 	Stimuli: height = 0.15
50.6251 	EXP 	Stimuli: height = 0.15
50.6251 	EXP 	Stimuli: text = 'P'
53.4210 	EXP 	New trial (rep=0, index=27): OrderedDict([('stimuli', '+'), ('trial_type', 'fixation'), ('stimulus_onset', 52.6), ('block_type', '1-back'), ('stimulus_size', 0.05), ('stimulus_color', 'white'), ('stimulus_duration', 0.2), ('cor_res', None)])
53.4478 	EXP 	Stimuli: autoDraw = False
53.4478 	EXP 	Stimuli: autoDraw = False
53.4478 	EXP 	Stimuli: foreColor = <psychopy.colors.Color: white, alpha=1.0>
53.4478 	EXP 	Stimuli: height = 0.15
53.4478 	EXP 	Stimuli: height = 0.15
53.4478 	EXP 	Stimuli: height = 0.15
53.4478 	EXP 	Stimuli: text = '+'
53.4478 	EXP 	Stimuli: height = 0.05
53.4478 	EXP 	Stimuli: autoDraw = True
53.4478 	EXP 	Stimuli: height = 0.05
53.4478 	EXP 	Stimuli: height = 0.05
53.4478 	EXP 	Stimuli: height = 0.05
53.4478 	EXP 	Stimuli: text = '+'
53.6372 	EXP 	New trial (rep=0, index=28): OrderedDict([('stimuli', 'P'), ('trial_type', 'target'), ('stimulus_onset', 52.8), ('block_type', '1-back'), ('stimulus_size', 0.15), ('stimulus_color', 'white'), ('stimulus_duration', 2.8), ('cor_res', 'left')])
53.6588 	EXP 	Stimuli: autoDraw = False
53.6588 	EXP 	Stimuli: autoDraw = False
53.6588 	EXP 	Stimuli: foreColor = <psychopy.colors.Color: white, alpha=1.0>
53.6588 	EXP 	Stimuli: height = 0.05
53.6588 	EXP 	Stimuli: height = 0.05
53.6588 	EXP 	Stimuli: height = 0.05
53.6588 	EXP 	Stimuli: text = 'P'
53.6588 	EXP 	Stimuli: height = 0.15
53.6588 	EXP 	Stimuli: autoDraw = True
53.6588 	EXP 	Stimuli: height = 0.15
53.6588 	EXP 	Stimuli: height = 0.15
53.6588 	EXP 	Stimuli: height = 0.15
53.6588 	EXP 	Stimuli: text = 'P'
56.4508 	EXP 	New trial (rep=0, index=29): OrderedDict([('stimuli', '+'), ('trial_type', 'fixation'), ('stimulus_onset', 55.6), ('block_type', '1-back'), ('stimulus_size', 0.05), ('stimulus_color', 'white'), ('stimulus_duration', 0.2), ('cor_res', None)])
56.4723 	EXP 	Stimuli: autoDraw = False
56.4723 	EXP 	Stimuli: autoDraw = False
56.4723 	EXP 	Stimuli: foreColor = <psychopy.colors.Color: white, alpha=1.0>
56.4723 	EXP 	Stimuli: height = 0.15
56.4723 	EXP 	Stimuli: height = 0.15
56.4723 	EXP 	Stimuli: height = 0.15
56.4723 	EXP 	Stimuli: text = '+'
56.4723 	EXP 	Stimuli: height = 0.05
56.4723 	EXP 	Stimuli: autoDraw = True
56.4723 	EXP 	Stimuli: height = 0.05
56.4723 	EXP 	Stimuli: height = 0.05
56.4723 	EXP 	Stimuli: height = 0.05
56.4723 	EXP 	Stimuli: text = '+'
56.6675 	EXP 	New trial (rep=0, index=30): OrderedDict([('stimuli', 'Q'), ('trial_type', 'non-target'), ('stimulus_onset', 55.8), ('block_type', '1-back'), ('stimulus_size', 0.15), ('stimulus_color', 'white'), ('stimulus_duration', 2.8), ('cor_res', 'right')])
56.6877 	EXP 	Stimuli: autoDraw = False
56.6877 	EXP 	Stimuli: autoDraw = False
56.6877 	EXP 	Stimuli: foreColor = <psychopy.colors.Color: white, alpha=1.0>
56.6877 	EXP 	Stimuli: height = 0.05
56.6877 	EXP 	Stimuli: height = 0.05
56.6877 	EXP 	Stimuli: height = 0.05
56.6877 	EXP 	Stimuli: text = 'Q'
56.6877 	EXP 	Stimuli: height = 0.15
56.6877 	EXP 	Stimuli: autoDraw = True
56.6877 	EXP 	Stimuli: height = 0.15
56.6877 	EXP 	Stimuli: height = 0.15
56.6877 	EXP 	Stimuli: height = 0.15
56.6877 	EXP 	Stimuli: text = 'Q'
59.4819 	EXP 	New trial (rep=0, index=31): OrderedDict([('stimuli', '+'), ('trial_type', 'fixation'), ('stimulus_onset', 58.6), ('block_type', '1-back'), ('stimulus_size', 0.05), ('stimulus_color', 'white'), ('stimulus_duration', 0.2), ('cor_res', None)])
59.5029 	EXP 	Stimuli: autoDraw = False
59.5029 	EXP 	Stimuli: autoDraw = False
59.5029 	EXP 	Stimuli: foreColor = <psychopy.colors.Color: white, alpha=1.0>
59.5029 	EXP 	Stimuli: height = 0.15
59.5029 	EXP 	Stimuli: height = 0.15
59.5029 	EXP 	Stimuli: height = 0.15
59.5029 	EXP 	Stimuli: text = '+'
59.5029 	EXP 	Stimuli: height = 0.05
59.5029 	EXP 	Stimuli: autoDraw = True
59.5029 	EXP 	Stimuli: height = 0.05
59.5029 	EXP 	Stimuli: height = 0.05
59.5029 	EXP 	Stimuli: height = 0.05
59.5029 	EXP 	Stimuli: text = '+'
59.6985 	EXP 	New trial (rep=0, index=32): OrderedDict([('stimuli', 'H'), ('trial_type', 'non-target'), ('stimulus_onset', 58.8), ('block_type', '1-back'), ('stimulus_size', 0.15), ('stimulus_color', 'white'), ('stimulus_duration', 2.8), ('cor_res', 'right')])
59.7191 	EXP 	Stimuli: autoDraw = False
59.7191 	EXP 	Stimuli: autoDraw = False
59.7191 	EXP 	Stimuli: foreColor = <psychopy.colors.Color: white, alpha=1.0>
59.7191 	EXP 	Stimuli: height = 0.05
59.7191 	EXP 	Stimuli: height = 0.05
59.7191 	EXP 	Stimuli: height = 0.05
59.7191 	EXP 	Stimuli: text = 'H'
59.7191 	EXP 	Stimuli: height = 0.15
59.7191 	EXP 	Stimuli: autoDraw = True
59.7191 	EXP 	Stimuli: height = 0.15
59.7191 	EXP 	Stimuli: height = 0.15
59.7191 	EXP 	Stimuli: height = 0.15
59.7191 	EXP 	Stimuli: text = 'H'
62.5146 	EXP 	New trial (rep=0, index=33): OrderedDict([('stimuli', '+'), ('trial_type', 'fixation'), ('stimulus_onset', 61.6), ('block_type', '1-back'), ('stimulus_size', 0.05), ('stimulus_color', 'white'), ('stimulus_duration', 0.2), ('cor_res', None)])
62.5403 	EXP 	Stimuli: autoDraw = False
62.5403 	EXP 	Stimuli: autoDraw = False
62.5403 	EXP 	Stimuli: foreColor = <psychopy.colors.Color: white, alpha=1.0>
62.5403 	EXP 	Stimuli: height = 0.15
62.5403 	EXP 	Stimuli: height = 0.15
62.5403 	EXP 	Stimuli: height = 0.15
62.5403 	EXP 	Stimuli: text = '+'
62.5403 	EXP 	Stimuli: height = 0.05
62.5403 	EXP 	Stimuli: autoDraw = True
62.5403 	EXP 	Stimuli: height = 0.05
62.5403 	EXP 	Stimuli: height = 0.05
62.5403 	EXP 	Stimuli: height = 0.05
62.5403 	EXP 	Stimuli: text = '+'
62.7299 	EXP 	New trial (rep=0, index=34): OrderedDict([('stimuli', 'H'), ('trial_type', 'target'), ('stimulus_onset', 61.8), ('block_type', '1-back'), ('stimulus_size', 0.15), ('stimulus_color', 'white'), ('stimulus_duration', 2.8), ('cor_res', 'left')])
62.7514 	EXP 	Stimuli: autoDraw = False
62.7514 	EXP 	Stimuli: autoDraw = False
62.7514 	EXP 	Stimuli: foreColor = <psychopy.colors.Color: white, alpha=1.0>
62.7514 	EXP 	Stimuli: height = 0.05
62.7514 	EXP 	Stimuli: height = 0.05
62.7514 	EXP 	Stimuli: height = 0.05
62.7514 	EXP 	Stimuli: text = 'H'
62.7514 	EXP 	Stimuli: height = 0.15
62.7514 	EXP 	Stimuli: autoDraw = True
62.7514 	EXP 	Stimuli: height = 0.15
62.7514 	EXP 	Stimuli: height = 0.15
62.7514 	EXP 	Stimuli: height = 0.15
62.7514 	EXP 	Stimuli: text = 'H'
65.5439 	EXP 	New trial (rep=0, index=35): OrderedDict([('stimuli', '+'), ('trial_type', 'fixation'), ('stimulus_onset', 64.6), ('block_type', '1-back'), ('stimulus_size', 0.05), ('stimulus_color', 'white'), ('stimulus_duration', 0.2), ('cor_res', None)])
65.5668 	EXP 	Stimuli: autoDraw = False
65.5668 	EXP 	Stimuli: autoDraw = False
65.5668 	EXP 	Stimuli: foreColor = <psychopy.colors.Color: white, alpha=1.0>
65.5668 	EXP 	Stimuli: height = 0.15
65.5668 	EXP 	Stimuli: height = 0.15
65.5668 	EXP 	Stimuli: height = 0.15
65.5668 	EXP 	Stimuli: text = '+'
65.5668 	EXP 	Stimuli: height = 0.05
65.5668 	EXP 	Stimuli: autoDraw = True
65.5668 	EXP 	Stimuli: height = 0.05
65.5668 	EXP 	Stimuli: height = 0.05
65.5668 	EXP 	Stimuli: height = 0.05
65.5668 	EXP 	Stimuli: text = '+'
65.7607 	EXP 	New trial (rep=0, index=36): OrderedDict([('stimuli', 'Q'), ('trial_type', 'non-target'), ('stimulus_onset', 64.8), ('block_type', '1-back'), ('stimulus_size', 0.15), ('stimulus_color', 'white'), ('stimulus_duration', 2.8), ('cor_res', 'right')])
65.7840 	EXP 	Stimuli: autoDraw = False
65.7840 	EXP 	Stimuli: autoDraw = False
65.7840 	EXP 	Stimuli: foreColor = <psychopy.colors.Color: white, alpha=1.0>
65.7840 	EXP 	Stimuli: height = 0.05
65.7840 	EXP 	Stimuli: height = 0.05
65.7840 	EXP 	Stimuli: height = 0.05
65.7840 	EXP 	Stimuli: text = 'Q'
65.7840 	EXP 	Stimuli: height = 0.15
65.7840 	EXP 	Stimuli: autoDraw = True
65.7840 	EXP 	Stimuli: height = 0.15
65.7840 	EXP 	Stimuli: height = 0.15
65.7840 	EXP 	Stimuli: height = 0.15
65.7840 	EXP 	Stimuli: text = 'Q'
68.5747 	EXP 	New trial (rep=0, index=37): OrderedDict([('stimuli', '+'), ('trial_type', 'fixation'), ('stimulus_onset', 67.6), ('block_type', '1-back'), ('stimulus_size', 0.05), ('stimulus_color', 'white'), ('stimulus_duration', 0.2), ('cor_res', None)])
68.5988 	EXP 	Stimuli: autoDraw = False
68.5988 	EXP 	Stimuli: autoDraw = False
68.5988 	EXP 	Stimuli: foreColor = <psychopy.colors.Color: white, alpha=1.0>
68.5988 	EXP 	Stimuli: height = 0.15
68.5988 	EXP 	Stimuli: height = 0.15
68.5988 	EXP 	Stimuli: height = 0.15
68.5988 	EXP 	Stimuli: text = '+'
68.5988 	EXP 	Stimuli: height = 0.05
68.5988 	EXP 	Stimuli: autoDraw = True
68.5988 	EXP 	Stimuli: height = 0.05
68.5988 	EXP 	Stimuli: height = 0.05
68.5988 	EXP 	Stimuli: height = 0.05
68.5988 	EXP 	Stimuli: text = '+'
68.7913 	EXP 	New trial (rep=0, index=38): OrderedDict([('stimuli', 'Q'), ('trial_type', 'target'), ('stimulus_onset', 67.8), ('block_type', '1-back'), ('stimulus_size', 0.15), ('stimulus_color', 'white'), ('stimulus_duration', 2.8), ('cor_res', 'left')])
68.8150 	EXP 	Stimuli: autoDraw = False
68.8150 	EXP 	Stimuli: autoDraw = False
68.8150 	EXP 	Stimuli: foreColor = <psychopy.colors.Color: white, alpha=1.0>
68.8150 	EXP 	Stimuli: height = 0.05
68.8150 	EXP 	Stimuli: height = 0.05
68.8150 	EXP 	Stimuli: height = 0.05
68.8150 	EXP 	Stimuli: text = 'Q'
68.8150 	EXP 	Stimuli: height = 0.15
68.8150 	EXP 	Stimuli: autoDraw = True
68.8150 	EXP 	Stimuli: height = 0.15
68.8150 	EXP 	Stimuli: height = 0.15
68.8150 	EXP 	Stimuli: height = 0.15
68.8150 	EXP 	Stimuli: text = 'Q'
71.6050 	EXP 	New trial (rep=0, index=39): OrderedDict([('stimuli', '+'), ('trial_type', 'fixation'), ('stimulus_onset', 70.6), ('block_type', '1-back'), ('stimulus_size', 0.05), ('stimulus_color', 'white'), ('stimulus_duration', 0.2), ('cor_res', None)])
71.6289 	EXP 	Stimuli: autoDraw = False
71.6289 	EXP 	Stimuli: autoDraw = False
71.6289 	EXP 	Stimuli: foreColor = <psychopy.colors.Color: white, alpha=1.0>
71.6289 	EXP 	Stimuli: height = 0.15
71.6289 	EXP 	Stimuli: height = 0.15
71.6289 	EXP 	Stimuli: height = 0.15
71.6289 	EXP 	Stimuli: text = '+'
71.6289 	EXP 	Stimuli: height = 0.05
71.6289 	EXP 	Stimuli: autoDraw = True
71.6289 	EXP 	Stimuli: height = 0.05
71.6289 	EXP 	Stimuli: height = 0.05
71.6289 	EXP 	Stimuli: height = 0.05
71.6289 	EXP 	Stimuli: text = '+'
71.8217 	EXP 	New trial (rep=0, index=40): OrderedDict([('stimuli', 'T'), ('trial_type', 'non-target'), ('stimulus_onset', 70.8), ('block_type', '1-back'), ('stimulus_size', 0.15), ('stimulus_color', 'white'), ('stimulus_duration', 2.8), ('cor_res', 'right')])
71.8427 	EXP 	Stimuli: autoDraw = False
71.8427 	EXP 	Stimuli: autoDraw = False
71.8427 	EXP 	Stimuli: foreColor = <psychopy.colors.Color: white, alpha=1.0>
71.8427 	EXP 	Stimuli: height = 0.05
71.8427 	EXP 	Stimuli: height = 0.05
71.8427 	EXP 	Stimuli: height = 0.05
71.8427 	EXP 	Stimuli: text = 'T'
71.8427 	EXP 	Stimuli: height = 0.15
71.8427 	EXP 	Stimuli: autoDraw = True
71.8427 	EXP 	Stimuli: height = 0.15
71.8427 	EXP 	Stimuli: height = 0.15
71.8427 	EXP 	Stimuli: height = 0.15
71.8427 	EXP 	Stimuli: text = 'T'
74.6363 	EXP 	New trial (rep=0, index=41): OrderedDict([('stimuli', '+'), ('trial_type', 'rest'), ('stimulus_onset', 73.6), ('block_type', 'rest'), ('stimulus_size', 0.05), ('stimulus_color', 'white'), ('stimulus_duration', 10.0), ('cor_res', None)])
74.6576 	EXP 	Stimuli: autoDraw = False
74.6576 	EXP 	Stimuli: autoDraw = False
74.6576 	EXP 	Stimuli: foreColor = <psychopy.colors.Color: white, alpha=1.0>
74.6576 	EXP 	Stimuli: height = 0.15
74.6576 	EXP 	Stimuli: height = 0.15
74.6576 	EXP 	Stimuli: height = 0.15
74.6576 	EXP 	Stimuli: text = '+'
74.6576 	EXP 	Stimuli: height = 0.05
74.6576 	EXP 	Stimuli: autoDraw = True
74.6576 	EXP 	Stimuli: height = 0.05
74.6576 	EXP 	Stimuli: height = 0.05
74.6576 	EXP 	Stimuli: height = 0.05
74.6576 	EXP 	Stimuli: text = '+'
84.6448 	EXP 	New trial (rep=0, index=42): OrderedDict([('stimuli', 'png'), ('trial_type', 'cue'), ('stimulus_onset', 83.6), ('block_type', '0-back'), ('stimulus_size', 0.15), ('stimulus_color', 'red'), ('stimulus_duration', 2.0), ('cor_res', None)])
84.6697 	EXP 	Stimuli: autoDraw = False
84.6697 	EXP 	Stimuli: autoDraw = False
84.6697 	EXP 	Stimuli: foreColor = <psychopy.colors.Color: red, alpha=1.0>
84.6697 	EXP 	Stimuli: height = 0.05
84.6697 	EXP 	Stimuli: height = 0.05
84.6697 	EXP 	Stimuli: height = 0.05
84.6697 	EXP 	Stimuli: text = 'png'
84.6697 	EXP 	Stimuli: height = 0.15
84.6697 	EXP 	Stimuli: autoDraw = True
84.6697 	EXP 	Stimuli: height = 0.15
84.6697 	EXP 	Stimuli: height = 0.15
84.6697 	EXP 	Stimuli: height = 0.15
84.6697 	EXP 	Stimuli: text = 'png'
85.9197 	DATA 	Keypress: escape
85.9765 	EXP 	run_experiment: status = STOPPED
85.9918 	EXP 	Stimuli: autoDraw = False
85.9919 	EXP 	run_experiment: status = STOPPED
86.0440 	EXP 	window1: mouseVisible = True
